CRITICAL - 2023-12-15 00:45:29 --> Access level to App\Controllers\BranchController::validateData() must be protected (as in class CodeIgniter\Controller) or weaker
in APPPATH\Controllers\BranchController.php on line 59.
 1 [internal function]: CodeIgniter\Debug\Exceptions->shutdownHandler()
CRITICAL - 2023-12-15 00:45:30 --> Access level to App\Controllers\BranchController::validateData() must be protected (as in class CodeIgniter\Controller) or weaker
in APPPATH\Controllers\BranchController.php on line 59.
 1 [internal function]: CodeIgniter\Debug\Exceptions->shutdownHandler()
CRITICAL - 2023-12-15 00:45:30 --> Access level to App\Controllers\BranchController::validateData() must be protected (as in class CodeIgniter\Controller) or weaker
in APPPATH\Controllers\BranchController.php on line 59.
 1 [internal function]: CodeIgniter\Debug\Exceptions->shutdownHandler()
CRITICAL - 2023-12-15 00:45:31 --> Access level to App\Controllers\BranchController::validateData() must be protected (as in class CodeIgniter\Controller) or weaker
in APPPATH\Controllers\BranchController.php on line 59.
 1 [internal function]: CodeIgniter\Debug\Exceptions->shutdownHandler()
CRITICAL - 2023-12-15 00:45:31 --> Access level to App\Controllers\BranchController::validateData() must be protected (as in class CodeIgniter\Controller) or weaker
in APPPATH\Controllers\BranchController.php on line 59.
 1 [internal function]: CodeIgniter\Debug\Exceptions->shutdownHandler()
ERROR - 2023-12-15 00:46:21 --> mysqli_sql_exception: Column 'username' cannot be null in C:\laragon\www\Capstone\CODEIGNITER 4\system\Database\MySQLi\Connection.php:306
Stack trace:
#0 C:\laragon\www\Capstone\CODEIGNITER 4\system\Database\MySQLi\Connection.php(306): mysqli->query('INSERT INTO `us...', 0)
#1 C:\laragon\www\Capstone\CODEIGNITER 4\system\Database\BaseConnection.php(693): CodeIgniter\Database\MySQLi\Connection->execute('INSERT INTO `us...')
#2 C:\laragon\www\Capstone\CODEIGNITER 4\system\Database\BaseConnection.php(607): CodeIgniter\Database\BaseConnection->simpleQuery('INSERT INTO `us...')
#3 C:\laragon\www\Capstone\CODEIGNITER 4\system\Database\BaseBuilder.php(2308): CodeIgniter\Database\BaseConnection->query('INSERT INTO `us...', Array, false)
#4 C:\laragon\www\Capstone\CODEIGNITER 4\system\Model.php(319): CodeIgniter\Database\BaseBuilder->insert()
#5 C:\laragon\www\Capstone\CODEIGNITER 4\system\BaseModel.php(788): CodeIgniter\Model->doInsert(Array)
#6 C:\laragon\www\Capstone\CODEIGNITER 4\system\Model.php(715): CodeIgniter\BaseModel->insert(Array, true)
#7 C:\laragon\www\Capstone\CODEIGNITER 4\app\Controllers\Usercontroller.php(73): CodeIgniter\Model->insert(Array)
#8 C:\laragon\www\Capstone\CODEIGNITER 4\system\CodeIgniter.php(942): App\Controllers\Usercontroller->create_user()
#9 C:\laragon\www\Capstone\CODEIGNITER 4\system\CodeIgniter.php(502): CodeIgniter\CodeIgniter->runController(Object(App\Controllers\Usercontroller))
#10 C:\laragon\www\Capstone\CODEIGNITER 4\system\CodeIgniter.php(361): CodeIgniter\CodeIgniter->handleRequest(NULL, Object(Config\Cache), false)
#11 C:\laragon\www\Capstone\CODEIGNITER 4\public\index.php(89): CodeIgniter\CodeIgniter->run()
#12 C:\laragon\www\Capstone\CODEIGNITER 4\system\Commands\Server\rewrite.php(47): require_once('C:\\laragon\\www\\...')
#13 {main}
CRITICAL - 2023-12-15 00:46:21 --> Column 'username' cannot be null
in SYSTEMPATH\Database\BaseConnection.php on line 647.
 1 SYSTEMPATH\Database\BaseBuilder.php(2308): CodeIgniter\Database\BaseConnection->query('INSERT INTO `users` (`username`) VALUES (:username:)', [...], false)
 2 SYSTEMPATH\Model.php(319): CodeIgniter\Database\BaseBuilder->insert()
 3 SYSTEMPATH\BaseModel.php(788): CodeIgniter\Model->doInsert([...])
 4 SYSTEMPATH\Model.php(715): CodeIgniter\BaseModel->insert([...], true)
 5 APPPATH\Controllers\Usercontroller.php(73): CodeIgniter\Model->insert([...])
 6 SYSTEMPATH\CodeIgniter.php(942): App\Controllers\Usercontroller->create_user()
 7 SYSTEMPATH\CodeIgniter.php(502): CodeIgniter\CodeIgniter->runController(Object(App\Controllers\Usercontroller))
 8 SYSTEMPATH\CodeIgniter.php(361): CodeIgniter\CodeIgniter->handleRequest(null, Object(Config\Cache), false)
 9 FCPATH\index.php(89): CodeIgniter\CodeIgniter->run()
10 SYSTEMPATH\Commands\Server\rewrite.php(47): require_once('C:\\laragon\\www\\Capstone\\CODEIGNITER 4\\public\\index.php')
ERROR - 2023-12-15 00:46:22 --> mysqli_sql_exception: Column 'username' cannot be null in C:\laragon\www\Capstone\CODEIGNITER 4\system\Database\MySQLi\Connection.php:306
Stack trace:
#0 C:\laragon\www\Capstone\CODEIGNITER 4\system\Database\MySQLi\Connection.php(306): mysqli->query('INSERT INTO `us...', 0)
#1 C:\laragon\www\Capstone\CODEIGNITER 4\system\Database\BaseConnection.php(693): CodeIgniter\Database\MySQLi\Connection->execute('INSERT INTO `us...')
#2 C:\laragon\www\Capstone\CODEIGNITER 4\system\Database\BaseConnection.php(607): CodeIgniter\Database\BaseConnection->simpleQuery('INSERT INTO `us...')
#3 C:\laragon\www\Capstone\CODEIGNITER 4\system\Database\BaseBuilder.php(2308): CodeIgniter\Database\BaseConnection->query('INSERT INTO `us...', Array, false)
#4 C:\laragon\www\Capstone\CODEIGNITER 4\system\Model.php(319): CodeIgniter\Database\BaseBuilder->insert()
#5 C:\laragon\www\Capstone\CODEIGNITER 4\system\BaseModel.php(788): CodeIgniter\Model->doInsert(Array)
#6 C:\laragon\www\Capstone\CODEIGNITER 4\system\Model.php(715): CodeIgniter\BaseModel->insert(Array, true)
#7 C:\laragon\www\Capstone\CODEIGNITER 4\app\Controllers\Usercontroller.php(73): CodeIgniter\Model->insert(Array)
#8 C:\laragon\www\Capstone\CODEIGNITER 4\system\CodeIgniter.php(942): App\Controllers\Usercontroller->create_user()
#9 C:\laragon\www\Capstone\CODEIGNITER 4\system\CodeIgniter.php(502): CodeIgniter\CodeIgniter->runController(Object(App\Controllers\Usercontroller))
#10 C:\laragon\www\Capstone\CODEIGNITER 4\system\CodeIgniter.php(361): CodeIgniter\CodeIgniter->handleRequest(NULL, Object(Config\Cache), false)
#11 C:\laragon\www\Capstone\CODEIGNITER 4\public\index.php(89): CodeIgniter\CodeIgniter->run()
#12 C:\laragon\www\Capstone\CODEIGNITER 4\system\Commands\Server\rewrite.php(47): require_once('C:\\laragon\\www\\...')
#13 {main}
CRITICAL - 2023-12-15 00:46:22 --> Column 'username' cannot be null
in SYSTEMPATH\Database\BaseConnection.php on line 647.
 1 SYSTEMPATH\Database\BaseBuilder.php(2308): CodeIgniter\Database\BaseConnection->query('INSERT INTO `users` (`username`) VALUES (:username:)', [...], false)
 2 SYSTEMPATH\Model.php(319): CodeIgniter\Database\BaseBuilder->insert()
 3 SYSTEMPATH\BaseModel.php(788): CodeIgniter\Model->doInsert([...])
 4 SYSTEMPATH\Model.php(715): CodeIgniter\BaseModel->insert([...], true)
 5 APPPATH\Controllers\Usercontroller.php(73): CodeIgniter\Model->insert([...])
 6 SYSTEMPATH\CodeIgniter.php(942): App\Controllers\Usercontroller->create_user()
 7 SYSTEMPATH\CodeIgniter.php(502): CodeIgniter\CodeIgniter->runController(Object(App\Controllers\Usercontroller))
 8 SYSTEMPATH\CodeIgniter.php(361): CodeIgniter\CodeIgniter->handleRequest(null, Object(Config\Cache), false)
 9 FCPATH\index.php(89): CodeIgniter\CodeIgniter->run()
10 SYSTEMPATH\Commands\Server\rewrite.php(47): require_once('C:\\laragon\\www\\Capstone\\CODEIGNITER 4\\public\\index.php')
CRITICAL - 2023-12-15 00:47:11 --> Access level to App\Controllers\BranchController::validateData() must be protected (as in class CodeIgniter\Controller) or weaker
in APPPATH\Controllers\BranchController.php on line 59.
 1 [internal function]: CodeIgniter\Debug\Exceptions->shutdownHandler()
CRITICAL - 2023-12-15 00:49:04 --> syntax error, unexpected token "\", expecting end of file
in APPPATH\Config\Routes.php on line 46.
 1 SYSTEMPATH\CodeIgniter.php(810): CodeIgniter\Router\RouteCollection->loadRoutes()
 2 SYSTEMPATH\CodeIgniter.php(450): CodeIgniter\CodeIgniter->tryToRouteIt(null)
 3 SYSTEMPATH\CodeIgniter.php(361): CodeIgniter\CodeIgniter->handleRequest(null, Object(Config\Cache), false)
 4 FCPATH\index.php(89): CodeIgniter\CodeIgniter->run()
 5 SYSTEMPATH\Commands\Server\rewrite.php(47): require_once('C:\\laragon\\www\\Capstone\\CODEIGNITER 4\\public\\index.php')
CRITICAL - 2023-12-15 00:49:05 --> syntax error, unexpected token "\", expecting end of file
in APPPATH\Config\Routes.php on line 46.
 1 SYSTEMPATH\CodeIgniter.php(810): CodeIgniter\Router\RouteCollection->loadRoutes()
 2 SYSTEMPATH\CodeIgniter.php(450): CodeIgniter\CodeIgniter->tryToRouteIt(null)
 3 SYSTEMPATH\CodeIgniter.php(361): CodeIgniter\CodeIgniter->handleRequest(null, Object(Config\Cache), false)
 4 FCPATH\index.php(89): CodeIgniter\CodeIgniter->run()
 5 SYSTEMPATH\Commands\Server\rewrite.php(47): require_once('C:\\laragon\\www\\Capstone\\CODEIGNITER 4\\public\\index.php')
CRITICAL - 2023-12-15 00:49:05 --> syntax error, unexpected token "\", expecting end of file
in APPPATH\Config\Routes.php on line 46.
 1 SYSTEMPATH\CodeIgniter.php(810): CodeIgniter\Router\RouteCollection->loadRoutes()
 2 SYSTEMPATH\CodeIgniter.php(450): CodeIgniter\CodeIgniter->tryToRouteIt(null)
 3 SYSTEMPATH\CodeIgniter.php(361): CodeIgniter\CodeIgniter->handleRequest(null, Object(Config\Cache), false)
 4 FCPATH\index.php(89): CodeIgniter\CodeIgniter->run()
 5 SYSTEMPATH\Commands\Server\rewrite.php(47): require_once('C:\\laragon\\www\\Capstone\\CODEIGNITER 4\\public\\index.php')
CRITICAL - 2023-12-15 00:49:05 --> syntax error, unexpected token "\", expecting end of file
in APPPATH\Config\Routes.php on line 46.
 1 SYSTEMPATH\CodeIgniter.php(810): CodeIgniter\Router\RouteCollection->loadRoutes()
 2 SYSTEMPATH\CodeIgniter.php(450): CodeIgniter\CodeIgniter->tryToRouteIt(null)
 3 SYSTEMPATH\CodeIgniter.php(361): CodeIgniter\CodeIgniter->handleRequest(null, Object(Config\Cache), false)
 4 FCPATH\index.php(89): CodeIgniter\CodeIgniter->run()
 5 SYSTEMPATH\Commands\Server\rewrite.php(47): require_once('C:\\laragon\\www\\Capstone\\CODEIGNITER 4\\public\\index.php')
CRITICAL - 2023-12-15 00:50:07 --> syntax error, unexpected token "\", expecting end of file
in APPPATH\Config\Routes.php on line 46.
 1 SYSTEMPATH\CodeIgniter.php(810): CodeIgniter\Router\RouteCollection->loadRoutes()
 2 SYSTEMPATH\CodeIgniter.php(450): CodeIgniter\CodeIgniter->tryToRouteIt(null)
 3 SYSTEMPATH\CodeIgniter.php(361): CodeIgniter\CodeIgniter->handleRequest(null, Object(Config\Cache), false)
 4 FCPATH\index.php(89): CodeIgniter\CodeIgniter->run()
 5 SYSTEMPATH\Commands\Server\rewrite.php(47): require_once('C:\\laragon\\www\\Capstone\\CODEIGNITER 4\\public\\index.php')
CRITICAL - 2023-12-15 02:10:32 --> Access level to App\Controllers\BranchController::validateData() must be protected (as in class CodeIgniter\Controller) or weaker
in APPPATH\Controllers\BranchController.php on line 59.
 1 [internal function]: CodeIgniter\Debug\Exceptions->shutdownHandler()
CRITICAL - 2023-12-15 02:10:33 --> Access level to App\Controllers\BranchController::validateData() must be protected (as in class CodeIgniter\Controller) or weaker
in APPPATH\Controllers\BranchController.php on line 59.
 1 [internal function]: CodeIgniter\Debug\Exceptions->shutdownHandler()
