CRITICAL - 2023-12-14 10:37:12 --> Attempt to read property "searchQuery" on null
in APPPATH\Controllers\OrderController.php on line 49.
 1 APPPATH\Controllers\OrderController.php(49): CodeIgniter\Debug\Exceptions->errorHandler(2, 'Attempt to read property "searchQuery" on null', 'C:\\laragon\\www\\Capstone\\CODEIGNITER 4\\app\\Controllers\\OrderController.php', 49)
 2 SYSTEMPATH\CodeIgniter.php(942): App\Controllers\OrderController->search()
 3 SYSTEMPATH\CodeIgniter.php(502): CodeIgniter\CodeIgniter->runController(Object(App\Controllers\OrderController))
 4 SYSTEMPATH\CodeIgniter.php(361): CodeIgniter\CodeIgniter->handleRequest(null, Object(Config\Cache), false)
 5 FCPATH\index.php(89): CodeIgniter\CodeIgniter->run()
 6 SYSTEMPATH\Commands\Server\rewrite.php(47): require_once('C:\\laragon\\www\\Capstone\\CODEIGNITER 4\\public\\index.php')
ERROR - 2023-12-14 10:38:41 --> mysqli_sql_exception: Table 'capstone.orders' doesn't exist in C:\laragon\www\Capstone\CODEIGNITER 4\system\Database\MySQLi\Connection.php:306
Stack trace:
#0 C:\laragon\www\Capstone\CODEIGNITER 4\system\Database\MySQLi\Connection.php(306): mysqli->query('INSERT INTO `or...', 0)
#1 C:\laragon\www\Capstone\CODEIGNITER 4\system\Database\BaseConnection.php(693): CodeIgniter\Database\MySQLi\Connection->execute('INSERT INTO `or...')
#2 C:\laragon\www\Capstone\CODEIGNITER 4\system\Database\BaseConnection.php(607): CodeIgniter\Database\BaseConnection->simpleQuery('INSERT INTO `or...')
#3 C:\laragon\www\Capstone\CODEIGNITER 4\system\Database\BaseBuilder.php(2308): CodeIgniter\Database\BaseConnection->query('INSERT INTO `or...', Array, false)
#4 C:\laragon\www\Capstone\CODEIGNITER 4\system\Model.php(319): CodeIgniter\Database\BaseBuilder->insert()
#5 C:\laragon\www\Capstone\CODEIGNITER 4\system\BaseModel.php(788): CodeIgniter\Model->doInsert(Array)
#6 C:\laragon\www\Capstone\CODEIGNITER 4\system\Model.php(715): CodeIgniter\BaseModel->insert(Array, true)
#7 C:\laragon\www\Capstone\CODEIGNITER 4\app\Controllers\OrderController.php(41): CodeIgniter\Model->insert(Array)
#8 C:\laragon\www\Capstone\CODEIGNITER 4\system\CodeIgniter.php(942): App\Controllers\OrderController->submitOrder()
#9 C:\laragon\www\Capstone\CODEIGNITER 4\system\CodeIgniter.php(502): CodeIgniter\CodeIgniter->runController(Object(App\Controllers\OrderController))
#10 C:\laragon\www\Capstone\CODEIGNITER 4\system\CodeIgniter.php(361): CodeIgniter\CodeIgniter->handleRequest(NULL, Object(Config\Cache), false)
#11 C:\laragon\www\Capstone\CODEIGNITER 4\public\index.php(89): CodeIgniter\CodeIgniter->run()
#12 C:\laragon\www\Capstone\CODEIGNITER 4\system\Commands\Server\rewrite.php(47): require_once('C:\\laragon\\www\\...')
#13 {main}
CRITICAL - 2023-12-14 10:38:41 --> Table 'capstone.orders' doesn't exist
in SYSTEMPATH\Database\BaseConnection.php on line 647.
 1 SYSTEMPATH\Database\BaseBuilder.php(2308): CodeIgniter\Database\BaseConnection->query('INSERT INTO `orders` (`customer_name`, `product_name`, `product_description`, `product_price`, `quantity`, `total_amount`) VALUES (:customer_name:, :product_name:, :product_description:, :product_price:, :quantity:, :total_amount:)', [...], false)
 2 SYSTEMPATH\Model.php(319): CodeIgniter\Database\BaseBuilder->insert()
 3 SYSTEMPATH\BaseModel.php(788): CodeIgniter\Model->doInsert([...])
 4 SYSTEMPATH\Model.php(715): CodeIgniter\BaseModel->insert([...], true)
 5 APPPATH\Controllers\OrderController.php(41): CodeIgniter\Model->insert([...])
 6 SYSTEMPATH\CodeIgniter.php(942): App\Controllers\OrderController->submitOrder()
 7 SYSTEMPATH\CodeIgniter.php(502): CodeIgniter\CodeIgniter->runController(Object(App\Controllers\OrderController))
 8 SYSTEMPATH\CodeIgniter.php(361): CodeIgniter\CodeIgniter->handleRequest(null, Object(Config\Cache), false)
 9 FCPATH\index.php(89): CodeIgniter\CodeIgniter->run()
10 SYSTEMPATH\Commands\Server\rewrite.php(47): require_once('C:\\laragon\\www\\Capstone\\CODEIGNITER 4\\public\\index.php')
ERROR - 2023-12-14 10:38:56 --> mysqli_sql_exception: Table 'capstone.orders' doesn't exist in C:\laragon\www\Capstone\CODEIGNITER 4\system\Database\MySQLi\Connection.php:306
Stack trace:
#0 C:\laragon\www\Capstone\CODEIGNITER 4\system\Database\MySQLi\Connection.php(306): mysqli->query('INSERT INTO `or...', 0)
#1 C:\laragon\www\Capstone\CODEIGNITER 4\system\Database\BaseConnection.php(693): CodeIgniter\Database\MySQLi\Connection->execute('INSERT INTO `or...')
#2 C:\laragon\www\Capstone\CODEIGNITER 4\system\Database\BaseConnection.php(607): CodeIgniter\Database\BaseConnection->simpleQuery('INSERT INTO `or...')
#3 C:\laragon\www\Capstone\CODEIGNITER 4\system\Database\BaseBuilder.php(2308): CodeIgniter\Database\BaseConnection->query('INSERT INTO `or...', Array, false)
#4 C:\laragon\www\Capstone\CODEIGNITER 4\system\Model.php(319): CodeIgniter\Database\BaseBuilder->insert()
#5 C:\laragon\www\Capstone\CODEIGNITER 4\system\BaseModel.php(788): CodeIgniter\Model->doInsert(Array)
#6 C:\laragon\www\Capstone\CODEIGNITER 4\system\Model.php(715): CodeIgniter\BaseModel->insert(Array, true)
#7 C:\laragon\www\Capstone\CODEIGNITER 4\app\Controllers\OrderController.php(41): CodeIgniter\Model->insert(Array)
#8 C:\laragon\www\Capstone\CODEIGNITER 4\system\CodeIgniter.php(942): App\Controllers\OrderController->submitOrder()
#9 C:\laragon\www\Capstone\CODEIGNITER 4\system\CodeIgniter.php(502): CodeIgniter\CodeIgniter->runController(Object(App\Controllers\OrderController))
#10 C:\laragon\www\Capstone\CODEIGNITER 4\system\CodeIgniter.php(361): CodeIgniter\CodeIgniter->handleRequest(NULL, Object(Config\Cache), false)
#11 C:\laragon\www\Capstone\CODEIGNITER 4\public\index.php(89): CodeIgniter\CodeIgniter->run()
#12 C:\laragon\www\Capstone\CODEIGNITER 4\system\Commands\Server\rewrite.php(47): require_once('C:\\laragon\\www\\...')
#13 {main}
CRITICAL - 2023-12-14 10:38:56 --> Table 'capstone.orders' doesn't exist
in SYSTEMPATH\Database\BaseConnection.php on line 647.
 1 SYSTEMPATH\Database\BaseBuilder.php(2308): CodeIgniter\Database\BaseConnection->query('INSERT INTO `orders` (`customer_name`, `product_name`, `product_description`, `product_price`, `quantity`, `total_amount`) VALUES (:customer_name:, :product_name:, :product_description:, :product_price:, :quantity:, :total_amount:)', [...], false)
 2 SYSTEMPATH\Model.php(319): CodeIgniter\Database\BaseBuilder->insert()
 3 SYSTEMPATH\BaseModel.php(788): CodeIgniter\Model->doInsert([...])
 4 SYSTEMPATH\Model.php(715): CodeIgniter\BaseModel->insert([...], true)
 5 APPPATH\Controllers\OrderController.php(41): CodeIgniter\Model->insert([...])
 6 SYSTEMPATH\CodeIgniter.php(942): App\Controllers\OrderController->submitOrder()
 7 SYSTEMPATH\CodeIgniter.php(502): CodeIgniter\CodeIgniter->runController(Object(App\Controllers\OrderController))
 8 SYSTEMPATH\CodeIgniter.php(361): CodeIgniter\CodeIgniter->handleRequest(null, Object(Config\Cache), false)
 9 FCPATH\index.php(89): CodeIgniter\CodeIgniter->run()
10 SYSTEMPATH\Commands\Server\rewrite.php(47): require_once('C:\\laragon\\www\\Capstone\\CODEIGNITER 4\\public\\index.php')
CRITICAL - 2023-12-14 11:21:50 --> Call to undefined method App\Models\OrderModel::getHighestBoughtProduct
in SYSTEMPATH\Model.php on line 873.
 1 APPPATH\Controllers\OrderController.php(52): CodeIgniter\Model->__call('getHighestBoughtProduct', [])
 2 SYSTEMPATH\CodeIgniter.php(942): App\Controllers\OrderController->highestBoughtProduct()
 3 SYSTEMPATH\CodeIgniter.php(502): CodeIgniter\CodeIgniter->runController(Object(App\Controllers\OrderController))
 4 SYSTEMPATH\CodeIgniter.php(361): CodeIgniter\CodeIgniter->handleRequest(null, Object(Config\Cache), false)
 5 FCPATH\index.php(89): CodeIgniter\CodeIgniter->run()
 6 SYSTEMPATH\Commands\Server\rewrite.php(47): require_once('C:\\laragon\\www\\Capstone\\CODEIGNITER 4\\public\\index.php')
CRITICAL - 2023-12-14 11:29:37 --> Call to undefined method App\Models\OrderModel::getHighestBoughtProduct
in SYSTEMPATH\Model.php on line 873.
 1 APPPATH\Controllers\OrderController.php(52): CodeIgniter\Model->__call('getHighestBoughtProduct', [])
 2 SYSTEMPATH\CodeIgniter.php(942): App\Controllers\OrderController->highestBoughtProduct()
 3 SYSTEMPATH\CodeIgniter.php(502): CodeIgniter\CodeIgniter->runController(Object(App\Controllers\OrderController))
 4 SYSTEMPATH\CodeIgniter.php(361): CodeIgniter\CodeIgniter->handleRequest(null, Object(Config\Cache), false)
 5 FCPATH\index.php(89): CodeIgniter\CodeIgniter->run()
 6 SYSTEMPATH\Commands\Server\rewrite.php(47): require_once('C:\\laragon\\www\\Capstone\\CODEIGNITER 4\\public\\index.php')
ERROR - 2023-12-14 11:32:46 --> mysqli_sql_exception: Unknown column 'sales' in 'order clause' in C:\laragon\www\Capstone\CODEIGNITER 4\system\Database\MySQLi\Connection.php:306
Stack trace:
#0 C:\laragon\www\Capstone\CODEIGNITER 4\system\Database\MySQLi\Connection.php(306): mysqli->query('SELECT *\nFROM `...', 0)
#1 C:\laragon\www\Capstone\CODEIGNITER 4\system\Database\BaseConnection.php(693): CodeIgniter\Database\MySQLi\Connection->execute('SELECT *\nFROM `...')
#2 C:\laragon\www\Capstone\CODEIGNITER 4\system\Database\BaseConnection.php(607): CodeIgniter\Database\BaseConnection->simpleQuery('SELECT *\nFROM `...')
#3 C:\laragon\www\Capstone\CODEIGNITER 4\system\Database\BaseBuilder.php(1615): CodeIgniter\Database\BaseConnection->query('SELECT *\nFROM `...', Array, false)
#4 C:\laragon\www\Capstone\CODEIGNITER 4\system\Model.php(237): CodeIgniter\Database\BaseBuilder->get()
#5 C:\laragon\www\Capstone\CODEIGNITER 4\system\BaseModel.php(624): CodeIgniter\Model->doFindAll(0, 0)
#6 C:\laragon\www\Capstone\CODEIGNITER 4\app\Controllers\ProductController.php(189): CodeIgniter\BaseModel->findAll()
#7 C:\laragon\www\Capstone\CODEIGNITER 4\system\CodeIgniter.php(942): App\Controllers\ProductController->highestBoughtProduct()
#8 C:\laragon\www\Capstone\CODEIGNITER 4\system\CodeIgniter.php(502): CodeIgniter\CodeIgniter->runController(Object(App\Controllers\ProductController))
#9 C:\laragon\www\Capstone\CODEIGNITER 4\system\CodeIgniter.php(361): CodeIgniter\CodeIgniter->handleRequest(NULL, Object(Config\Cache), false)
#10 C:\laragon\www\Capstone\CODEIGNITER 4\public\index.php(89): CodeIgniter\CodeIgniter->run()
#11 C:\laragon\www\Capstone\CODEIGNITER 4\system\Commands\Server\rewrite.php(47): require_once('C:\\laragon\\www\\...')
#12 {main}
CRITICAL - 2023-12-14 11:32:46 --> Unknown column 'sales' in 'order clause'
in SYSTEMPATH\Database\BaseConnection.php on line 647.
 1 SYSTEMPATH\Database\BaseBuilder.php(1615): CodeIgniter\Database\BaseConnection->query('SELECT *
FROM `products`
ORDER BY `sales` DESC', [], false)
 2 SYSTEMPATH\Model.php(237): CodeIgniter\Database\BaseBuilder->get()
 3 SYSTEMPATH\BaseModel.php(624): CodeIgniter\Model->doFindAll(0, 0)
 4 APPPATH\Controllers\ProductController.php(189): CodeIgniter\BaseModel->findAll()
 5 SYSTEMPATH\CodeIgniter.php(942): App\Controllers\ProductController->highestBoughtProduct()
 6 SYSTEMPATH\CodeIgniter.php(502): CodeIgniter\CodeIgniter->runController(Object(App\Controllers\ProductController))
 7 SYSTEMPATH\CodeIgniter.php(361): CodeIgniter\CodeIgniter->handleRequest(null, Object(Config\Cache), false)
 8 FCPATH\index.php(89): CodeIgniter\CodeIgniter->run()
 9 SYSTEMPATH\Commands\Server\rewrite.php(47): require_once('C:\\laragon\\www\\Capstone\\CODEIGNITER 4\\public\\index.php')
ERROR - 2023-12-14 11:32:55 --> mysqli_sql_exception: Unknown column 'sales' in 'order clause' in C:\laragon\www\Capstone\CODEIGNITER 4\system\Database\MySQLi\Connection.php:306
Stack trace:
#0 C:\laragon\www\Capstone\CODEIGNITER 4\system\Database\MySQLi\Connection.php(306): mysqli->query('SELECT *\nFROM `...', 0)
#1 C:\laragon\www\Capstone\CODEIGNITER 4\system\Database\BaseConnection.php(693): CodeIgniter\Database\MySQLi\Connection->execute('SELECT *\nFROM `...')
#2 C:\laragon\www\Capstone\CODEIGNITER 4\system\Database\BaseConnection.php(607): CodeIgniter\Database\BaseConnection->simpleQuery('SELECT *\nFROM `...')
#3 C:\laragon\www\Capstone\CODEIGNITER 4\system\Database\BaseBuilder.php(1615): CodeIgniter\Database\BaseConnection->query('SELECT *\nFROM `...', Array, false)
#4 C:\laragon\www\Capstone\CODEIGNITER 4\system\Model.php(237): CodeIgniter\Database\BaseBuilder->get()
#5 C:\laragon\www\Capstone\CODEIGNITER 4\system\BaseModel.php(624): CodeIgniter\Model->doFindAll(0, 0)
#6 C:\laragon\www\Capstone\CODEIGNITER 4\app\Controllers\ProductController.php(189): CodeIgniter\BaseModel->findAll()
#7 C:\laragon\www\Capstone\CODEIGNITER 4\system\CodeIgniter.php(942): App\Controllers\ProductController->highestBoughtProduct()
#8 C:\laragon\www\Capstone\CODEIGNITER 4\system\CodeIgniter.php(502): CodeIgniter\CodeIgniter->runController(Object(App\Controllers\ProductController))
#9 C:\laragon\www\Capstone\CODEIGNITER 4\system\CodeIgniter.php(361): CodeIgniter\CodeIgniter->handleRequest(NULL, Object(Config\Cache), false)
#10 C:\laragon\www\Capstone\CODEIGNITER 4\public\index.php(89): CodeIgniter\CodeIgniter->run()
#11 C:\laragon\www\Capstone\CODEIGNITER 4\system\Commands\Server\rewrite.php(47): require_once('C:\\laragon\\www\\...')
#12 {main}
CRITICAL - 2023-12-14 11:32:55 --> Unknown column 'sales' in 'order clause'
in SYSTEMPATH\Database\BaseConnection.php on line 647.
 1 SYSTEMPATH\Database\BaseBuilder.php(1615): CodeIgniter\Database\BaseConnection->query('SELECT *
FROM `products`
ORDER BY `sales` DESC', [], false)
 2 SYSTEMPATH\Model.php(237): CodeIgniter\Database\BaseBuilder->get()
 3 SYSTEMPATH\BaseModel.php(624): CodeIgniter\Model->doFindAll(0, 0)
 4 APPPATH\Controllers\ProductController.php(189): CodeIgniter\BaseModel->findAll()
 5 SYSTEMPATH\CodeIgniter.php(942): App\Controllers\ProductController->highestBoughtProduct()
 6 SYSTEMPATH\CodeIgniter.php(502): CodeIgniter\CodeIgniter->runController(Object(App\Controllers\ProductController))
 7 SYSTEMPATH\CodeIgniter.php(361): CodeIgniter\CodeIgniter->handleRequest(null, Object(Config\Cache), false)
 8 FCPATH\index.php(89): CodeIgniter\CodeIgniter->run()
 9 SYSTEMPATH\Commands\Server\rewrite.php(47): require_once('C:\\laragon\\www\\Capstone\\CODEIGNITER 4\\public\\index.php')
CRITICAL - 2023-12-14 11:57:14 --> Undefined property: App\Controllers\OrderController::$OrderModel
in APPPATH\Controllers\OrderController.php on line 30.
 1 APPPATH\Controllers\OrderController.php(30): CodeIgniter\Debug\Exceptions->errorHandler(2, 'Undefined property: App\\Controllers\\OrderController::$OrderModel', 'C:\\laragon\\www\\Capstone\\CODEIGNITER 4\\app\\Controllers\\OrderController.php', 30)
 2 SYSTEMPATH\CodeIgniter.php(942): App\Controllers\OrderController->orders()
 3 SYSTEMPATH\CodeIgniter.php(502): CodeIgniter\CodeIgniter->runController(Object(App\Controllers\OrderController))
 4 SYSTEMPATH\CodeIgniter.php(361): CodeIgniter\CodeIgniter->handleRequest(null, Object(Config\Cache), false)
 5 FCPATH\index.php(89): CodeIgniter\CodeIgniter->run()
 6 SYSTEMPATH\Commands\Server\rewrite.php(47): require_once('C:\\laragon\\www\\Capstone\\CODEIGNITER 4\\public\\index.php')
CRITICAL - 2023-12-14 11:57:16 --> Undefined property: App\Controllers\OrderController::$OrderModel
in APPPATH\Controllers\OrderController.php on line 30.
 1 APPPATH\Controllers\OrderController.php(30): CodeIgniter\Debug\Exceptions->errorHandler(2, 'Undefined property: App\\Controllers\\OrderController::$OrderModel', 'C:\\laragon\\www\\Capstone\\CODEIGNITER 4\\app\\Controllers\\OrderController.php', 30)
 2 SYSTEMPATH\CodeIgniter.php(942): App\Controllers\OrderController->orders()
 3 SYSTEMPATH\CodeIgniter.php(502): CodeIgniter\CodeIgniter->runController(Object(App\Controllers\OrderController))
 4 SYSTEMPATH\CodeIgniter.php(361): CodeIgniter\CodeIgniter->handleRequest(null, Object(Config\Cache), false)
 5 FCPATH\index.php(89): CodeIgniter\CodeIgniter->run()
 6 SYSTEMPATH\Commands\Server\rewrite.php(47): require_once('C:\\laragon\\www\\Capstone\\CODEIGNITER 4\\public\\index.php')
CRITICAL - 2023-12-14 12:01:59 --> Undefined property: App\Controllers\OrderController::$OrderModel
in APPPATH\Controllers\OrderController.php on line 30.
 1 APPPATH\Controllers\OrderController.php(30): CodeIgniter\Debug\Exceptions->errorHandler(2, 'Undefined property: App\\Controllers\\OrderController::$OrderModel', 'C:\\laragon\\www\\Capstone\\CODEIGNITER 4\\app\\Controllers\\OrderController.php', 30)
 2 SYSTEMPATH\CodeIgniter.php(942): App\Controllers\OrderController->orders()
 3 SYSTEMPATH\CodeIgniter.php(502): CodeIgniter\CodeIgniter->runController(Object(App\Controllers\OrderController))
 4 SYSTEMPATH\CodeIgniter.php(361): CodeIgniter\CodeIgniter->handleRequest(null, Object(Config\Cache), false)
 5 FCPATH\index.php(89): CodeIgniter\CodeIgniter->run()
 6 SYSTEMPATH\Commands\Server\rewrite.php(47): require_once('C:\\laragon\\www\\Capstone\\CODEIGNITER 4\\public\\index.php')
CRITICAL - 2023-12-14 12:05:55 --> Undefined property: App\Controllers\OrderController::$OrderModel
in APPPATH\Controllers\OrderController.php on line 30.
 1 APPPATH\Controllers\OrderController.php(30): CodeIgniter\Debug\Exceptions->errorHandler(2, 'Undefined property: App\\Controllers\\OrderController::$OrderModel', 'C:\\laragon\\www\\Capstone\\CODEIGNITER 4\\app\\Controllers\\OrderController.php', 30)
 2 SYSTEMPATH\CodeIgniter.php(942): App\Controllers\OrderController->orders()
 3 SYSTEMPATH\CodeIgniter.php(502): CodeIgniter\CodeIgniter->runController(Object(App\Controllers\OrderController))
 4 SYSTEMPATH\CodeIgniter.php(361): CodeIgniter\CodeIgniter->handleRequest(null, Object(Config\Cache), false)
 5 FCPATH\index.php(89): CodeIgniter\CodeIgniter->run()
 6 SYSTEMPATH\Commands\Server\rewrite.php(47): require_once('C:\\laragon\\www\\Capstone\\CODEIGNITER 4\\public\\index.php')
CRITICAL - 2023-12-14 12:26:40 --> Cannot redeclare App\Controllers\ProductController::highestBoughtProduct()
in APPPATH\Controllers\ProductController.php on line 195.
 1 [internal function]: CodeIgniter\Debug\Exceptions->shutdownHandler()
CRITICAL - 2023-12-14 12:26:42 --> Cannot redeclare App\Controllers\ProductController::highestBoughtProduct()
in APPPATH\Controllers\ProductController.php on line 195.
 1 [internal function]: CodeIgniter\Debug\Exceptions->shutdownHandler()
CRITICAL - 2023-12-14 12:26:44 --> Cannot redeclare App\Controllers\ProductController::highestBoughtProduct()
in APPPATH\Controllers\ProductController.php on line 195.
 1 [internal function]: CodeIgniter\Debug\Exceptions->shutdownHandler()
CRITICAL - 2023-12-14 12:31:29 --> Undefined property: App\Controllers\OrderController::$OrderModel
in APPPATH\Controllers\OrderController.php on line 30.
 1 APPPATH\Controllers\OrderController.php(30): CodeIgniter\Debug\Exceptions->errorHandler(2, 'Undefined property: App\\Controllers\\OrderController::$OrderModel', 'C:\\laragon\\www\\Capstone\\CODEIGNITER 4\\app\\Controllers\\OrderController.php', 30)
 2 SYSTEMPATH\CodeIgniter.php(942): App\Controllers\OrderController->orders()
 3 SYSTEMPATH\CodeIgniter.php(502): CodeIgniter\CodeIgniter->runController(Object(App\Controllers\OrderController))
 4 SYSTEMPATH\CodeIgniter.php(361): CodeIgniter\CodeIgniter->handleRequest(null, Object(Config\Cache), false)
 5 FCPATH\index.php(89): CodeIgniter\CodeIgniter->run()
 6 SYSTEMPATH\Commands\Server\rewrite.php(47): require_once('C:\\laragon\\www\\Capstone\\CODEIGNITER 4\\public\\index.php')
CRITICAL - 2023-12-14 12:34:47 --> Class "App\Controllers\OrderProductsModel" not found
in APPPATH\Controllers\ProductController.php on line 197.
 1 SYSTEMPATH\CodeIgniter.php(942): App\Controllers\ProductController->orderProducts()
 2 SYSTEMPATH\CodeIgniter.php(502): CodeIgniter\CodeIgniter->runController(Object(App\Controllers\ProductController))
 3 SYSTEMPATH\CodeIgniter.php(361): CodeIgniter\CodeIgniter->handleRequest(null, Object(Config\Cache), false)
 4 FCPATH\index.php(89): CodeIgniter\CodeIgniter->run()
 5 SYSTEMPATH\Commands\Server\rewrite.php(47): require_once('C:\\laragon\\www\\Capstone\\CODEIGNITER 4\\public\\index.php')
CRITICAL - 2023-12-14 13:11:23 --> Undefined property: App\Controllers\OrderController::$OrderModel
in APPPATH\Controllers\OrderController.php on line 30.
 1 APPPATH\Controllers\OrderController.php(30): CodeIgniter\Debug\Exceptions->errorHandler(2, 'Undefined property: App\\Controllers\\OrderController::$OrderModel', 'C:\\laragon\\www\\Capstone\\CODEIGNITER 4\\app\\Controllers\\OrderController.php', 30)
 2 SYSTEMPATH\CodeIgniter.php(942): App\Controllers\OrderController->orders()
 3 SYSTEMPATH\CodeIgniter.php(502): CodeIgniter\CodeIgniter->runController(Object(App\Controllers\OrderController))
 4 SYSTEMPATH\CodeIgniter.php(361): CodeIgniter\CodeIgniter->handleRequest(null, Object(Config\Cache), false)
 5 FCPATH\index.php(89): CodeIgniter\CodeIgniter->run()
 6 SYSTEMPATH\Commands\Server\rewrite.php(47): require_once('C:\\laragon\\www\\Capstone\\CODEIGNITER 4\\public\\index.php')
CRITICAL - 2023-12-14 13:17:34 --> Undefined property: App\Controllers\OrderController::$OrderModel
in APPPATH\Controllers\OrderController.php on line 30.
 1 APPPATH\Controllers\OrderController.php(30): CodeIgniter\Debug\Exceptions->errorHandler(2, 'Undefined property: App\\Controllers\\OrderController::$OrderModel', 'C:\\laragon\\www\\Capstone\\CODEIGNITER 4\\app\\Controllers\\OrderController.php', 30)
 2 SYSTEMPATH\CodeIgniter.php(942): App\Controllers\OrderController->orders()
 3 SYSTEMPATH\CodeIgniter.php(502): CodeIgniter\CodeIgniter->runController(Object(App\Controllers\OrderController))
 4 SYSTEMPATH\CodeIgniter.php(361): CodeIgniter\CodeIgniter->handleRequest(null, Object(Config\Cache), false)
 5 FCPATH\index.php(89): CodeIgniter\CodeIgniter->run()
 6 SYSTEMPATH\Commands\Server\rewrite.php(47): require_once('C:\\laragon\\www\\Capstone\\CODEIGNITER 4\\public\\index.php')
CRITICAL - 2023-12-14 13:47:27 --> Undefined property: App\Controllers\ProductController::$yourModel
in APPPATH\Controllers\ProductController.php on line 182.
 1 APPPATH\Controllers\ProductController.php(182): CodeIgniter\Debug\Exceptions->errorHandler(2, 'Undefined property: App\\Controllers\\ProductController::$yourModel', 'C:\\laragon\\www\\Capstone\\CODEIGNITER 4\\app\\Controllers\\ProductController.php', 182)
 2 SYSTEMPATH\CodeIgniter.php(942): App\Controllers\ProductController->search()
 3 SYSTEMPATH\CodeIgniter.php(502): CodeIgniter\CodeIgniter->runController(Object(App\Controllers\ProductController))
 4 SYSTEMPATH\CodeIgniter.php(361): CodeIgniter\CodeIgniter->handleRequest(null, Object(Config\Cache), false)
 5 FCPATH\index.php(89): CodeIgniter\CodeIgniter->run()
 6 SYSTEMPATH\Commands\Server\rewrite.php(47): require_once('C:\\laragon\\www\\Capstone\\CODEIGNITER 4\\public\\index.php')
CRITICAL - 2023-12-14 13:47:35 --> Undefined property: App\Controllers\ProductController::$yourModel
in APPPATH\Controllers\ProductController.php on line 182.
 1 APPPATH\Controllers\ProductController.php(182): CodeIgniter\Debug\Exceptions->errorHandler(2, 'Undefined property: App\\Controllers\\ProductController::$yourModel', 'C:\\laragon\\www\\Capstone\\CODEIGNITER 4\\app\\Controllers\\ProductController.php', 182)
 2 SYSTEMPATH\CodeIgniter.php(942): App\Controllers\ProductController->search()
 3 SYSTEMPATH\CodeIgniter.php(502): CodeIgniter\CodeIgniter->runController(Object(App\Controllers\ProductController))
 4 SYSTEMPATH\CodeIgniter.php(361): CodeIgniter\CodeIgniter->handleRequest(null, Object(Config\Cache), false)
 5 FCPATH\index.php(89): CodeIgniter\CodeIgniter->run()
 6 SYSTEMPATH\Commands\Server\rewrite.php(47): require_once('C:\\laragon\\www\\Capstone\\CODEIGNITER 4\\public\\index.php')
CRITICAL - 2023-12-14 13:47:43 --> Undefined property: App\Controllers\ProductController::$yourModel
in APPPATH\Controllers\ProductController.php on line 182.
 1 APPPATH\Controllers\ProductController.php(182): CodeIgniter\Debug\Exceptions->errorHandler(2, 'Undefined property: App\\Controllers\\ProductController::$yourModel', 'C:\\laragon\\www\\Capstone\\CODEIGNITER 4\\app\\Controllers\\ProductController.php', 182)
 2 SYSTEMPATH\CodeIgniter.php(942): App\Controllers\ProductController->search()
 3 SYSTEMPATH\CodeIgniter.php(502): CodeIgniter\CodeIgniter->runController(Object(App\Controllers\ProductController))
 4 SYSTEMPATH\CodeIgniter.php(361): CodeIgniter\CodeIgniter->handleRequest(null, Object(Config\Cache), false)
 5 FCPATH\index.php(89): CodeIgniter\CodeIgniter->run()
 6 SYSTEMPATH\Commands\Server\rewrite.php(47): require_once('C:\\laragon\\www\\Capstone\\CODEIGNITER 4\\public\\index.php')
CRITICAL - 2023-12-14 13:48:31 --> Undefined property: App\Controllers\ProductController::$ProductModel
in APPPATH\Controllers\ProductController.php on line 182.
 1 APPPATH\Controllers\ProductController.php(182): CodeIgniter\Debug\Exceptions->errorHandler(2, 'Undefined property: App\\Controllers\\ProductController::$ProductModel', 'C:\\laragon\\www\\Capstone\\CODEIGNITER 4\\app\\Controllers\\ProductController.php', 182)
 2 SYSTEMPATH\CodeIgniter.php(942): App\Controllers\ProductController->search()
 3 SYSTEMPATH\CodeIgniter.php(502): CodeIgniter\CodeIgniter->runController(Object(App\Controllers\ProductController))
 4 SYSTEMPATH\CodeIgniter.php(361): CodeIgniter\CodeIgniter->handleRequest(null, Object(Config\Cache), false)
 5 FCPATH\index.php(89): CodeIgniter\CodeIgniter->run()
 6 SYSTEMPATH\Commands\Server\rewrite.php(47): require_once('C:\\laragon\\www\\Capstone\\CODEIGNITER 4\\public\\index.php')
CRITICAL - 2023-12-14 13:48:35 --> Undefined property: App\Controllers\ProductController::$ProductModel
in APPPATH\Controllers\ProductController.php on line 182.
 1 APPPATH\Controllers\ProductController.php(182): CodeIgniter\Debug\Exceptions->errorHandler(2, 'Undefined property: App\\Controllers\\ProductController::$ProductModel', 'C:\\laragon\\www\\Capstone\\CODEIGNITER 4\\app\\Controllers\\ProductController.php', 182)
 2 SYSTEMPATH\CodeIgniter.php(942): App\Controllers\ProductController->search()
 3 SYSTEMPATH\CodeIgniter.php(502): CodeIgniter\CodeIgniter->runController(Object(App\Controllers\ProductController))
 4 SYSTEMPATH\CodeIgniter.php(361): CodeIgniter\CodeIgniter->handleRequest(null, Object(Config\Cache), false)
 5 FCPATH\index.php(89): CodeIgniter\CodeIgniter->run()
 6 SYSTEMPATH\Commands\Server\rewrite.php(47): require_once('C:\\laragon\\www\\Capstone\\CODEIGNITER 4\\public\\index.php')
CRITICAL - 2023-12-14 13:51:45 --> Call to undefined method App\Models\ProductModel::search
in SYSTEMPATH\Model.php on line 873.
 1 APPPATH\Controllers\ProductController.php(182): CodeIgniter\Model->__call('search', [...])
 2 SYSTEMPATH\CodeIgniter.php(942): App\Controllers\ProductController->search()
 3 SYSTEMPATH\CodeIgniter.php(502): CodeIgniter\CodeIgniter->runController(Object(App\Controllers\ProductController))
 4 SYSTEMPATH\CodeIgniter.php(361): CodeIgniter\CodeIgniter->handleRequest(null, Object(Config\Cache), false)
 5 FCPATH\index.php(89): CodeIgniter\CodeIgniter->run()
 6 SYSTEMPATH\Commands\Server\rewrite.php(47): require_once('C:\\laragon\\www\\Capstone\\CODEIGNITER 4\\public\\index.php')
CRITICAL - 2023-12-14 13:51:47 --> Call to undefined method App\Models\ProductModel::search
in SYSTEMPATH\Model.php on line 873.
 1 APPPATH\Controllers\ProductController.php(182): CodeIgniter\Model->__call('search', [...])
 2 SYSTEMPATH\CodeIgniter.php(942): App\Controllers\ProductController->search()
 3 SYSTEMPATH\CodeIgniter.php(502): CodeIgniter\CodeIgniter->runController(Object(App\Controllers\ProductController))
 4 SYSTEMPATH\CodeIgniter.php(361): CodeIgniter\CodeIgniter->handleRequest(null, Object(Config\Cache), false)
 5 FCPATH\index.php(89): CodeIgniter\CodeIgniter->run()
 6 SYSTEMPATH\Commands\Server\rewrite.php(47): require_once('C:\\laragon\\www\\Capstone\\CODEIGNITER 4\\public\\index.php')
CRITICAL - 2023-12-14 13:51:47 --> Call to undefined method App\Models\ProductModel::search
in SYSTEMPATH\Model.php on line 873.
 1 APPPATH\Controllers\ProductController.php(182): CodeIgniter\Model->__call('search', [...])
 2 SYSTEMPATH\CodeIgniter.php(942): App\Controllers\ProductController->search()
 3 SYSTEMPATH\CodeIgniter.php(502): CodeIgniter\CodeIgniter->runController(Object(App\Controllers\ProductController))
 4 SYSTEMPATH\CodeIgniter.php(361): CodeIgniter\CodeIgniter->handleRequest(null, Object(Config\Cache), false)
 5 FCPATH\index.php(89): CodeIgniter\CodeIgniter->run()
 6 SYSTEMPATH\Commands\Server\rewrite.php(47): require_once('C:\\laragon\\www\\Capstone\\CODEIGNITER 4\\public\\index.php')
CRITICAL - 2023-12-14 13:51:47 --> Call to undefined method App\Models\ProductModel::search
in SYSTEMPATH\Model.php on line 873.
 1 APPPATH\Controllers\ProductController.php(182): CodeIgniter\Model->__call('search', [...])
 2 SYSTEMPATH\CodeIgniter.php(942): App\Controllers\ProductController->search()
 3 SYSTEMPATH\CodeIgniter.php(502): CodeIgniter\CodeIgniter->runController(Object(App\Controllers\ProductController))
 4 SYSTEMPATH\CodeIgniter.php(361): CodeIgniter\CodeIgniter->handleRequest(null, Object(Config\Cache), false)
 5 FCPATH\index.php(89): CodeIgniter\CodeIgniter->run()
 6 SYSTEMPATH\Commands\Server\rewrite.php(47): require_once('C:\\laragon\\www\\Capstone\\CODEIGNITER 4\\public\\index.php')
CRITICAL - 2023-12-14 13:51:47 --> Call to undefined method App\Models\ProductModel::search
in SYSTEMPATH\Model.php on line 873.
 1 APPPATH\Controllers\ProductController.php(182): CodeIgniter\Model->__call('search', [...])
 2 SYSTEMPATH\CodeIgniter.php(942): App\Controllers\ProductController->search()
 3 SYSTEMPATH\CodeIgniter.php(502): CodeIgniter\CodeIgniter->runController(Object(App\Controllers\ProductController))
 4 SYSTEMPATH\CodeIgniter.php(361): CodeIgniter\CodeIgniter->handleRequest(null, Object(Config\Cache), false)
 5 FCPATH\index.php(89): CodeIgniter\CodeIgniter->run()
 6 SYSTEMPATH\Commands\Server\rewrite.php(47): require_once('C:\\laragon\\www\\Capstone\\CODEIGNITER 4\\public\\index.php')
CRITICAL - 2023-12-14 13:56:40 --> Call to undefined method App\Models\ProductModel::search
in SYSTEMPATH\Model.php on line 873.
 1 APPPATH\Controllers\ProductController.php(185): CodeIgniter\Model->__call('search', [...])
 2 SYSTEMPATH\CodeIgniter.php(942): App\Controllers\ProductController->search()
 3 SYSTEMPATH\CodeIgniter.php(502): CodeIgniter\CodeIgniter->runController(Object(App\Controllers\ProductController))
 4 SYSTEMPATH\CodeIgniter.php(361): CodeIgniter\CodeIgniter->handleRequest(null, Object(Config\Cache), false)
 5 FCPATH\index.php(89): CodeIgniter\CodeIgniter->run()
 6 SYSTEMPATH\Commands\Server\rewrite.php(47): require_once('C:\\laragon\\www\\Capstone\\CODEIGNITER 4\\public\\index.php')
CRITICAL - 2023-12-14 14:01:52 --> Call to undefined method App\Models\ProductModel::search
in SYSTEMPATH\Model.php on line 873.
 1 APPPATH\Controllers\ProductController.php(185): CodeIgniter\Model->__call('search', [...])
 2 SYSTEMPATH\CodeIgniter.php(942): App\Controllers\ProductController->search()
 3 SYSTEMPATH\CodeIgniter.php(502): CodeIgniter\CodeIgniter->runController(Object(App\Controllers\ProductController))
 4 SYSTEMPATH\CodeIgniter.php(361): CodeIgniter\CodeIgniter->handleRequest(null, Object(Config\Cache), false)
 5 FCPATH\index.php(89): CodeIgniter\CodeIgniter->run()
 6 SYSTEMPATH\Commands\Server\rewrite.php(47): require_once('C:\\laragon\\www\\Capstone\\CODEIGNITER 4\\public\\index.php')
CRITICAL - 2023-12-14 14:01:53 --> Call to undefined method App\Models\ProductModel::search
in SYSTEMPATH\Model.php on line 873.
 1 APPPATH\Controllers\ProductController.php(185): CodeIgniter\Model->__call('search', [...])
 2 SYSTEMPATH\CodeIgniter.php(942): App\Controllers\ProductController->search()
 3 SYSTEMPATH\CodeIgniter.php(502): CodeIgniter\CodeIgniter->runController(Object(App\Controllers\ProductController))
 4 SYSTEMPATH\CodeIgniter.php(361): CodeIgniter\CodeIgniter->handleRequest(null, Object(Config\Cache), false)
 5 FCPATH\index.php(89): CodeIgniter\CodeIgniter->run()
 6 SYSTEMPATH\Commands\Server\rewrite.php(47): require_once('C:\\laragon\\www\\Capstone\\CODEIGNITER 4\\public\\index.php')
CRITICAL - 2023-12-14 14:01:53 --> Call to undefined method App\Models\ProductModel::search
in SYSTEMPATH\Model.php on line 873.
 1 APPPATH\Controllers\ProductController.php(185): CodeIgniter\Model->__call('search', [...])
 2 SYSTEMPATH\CodeIgniter.php(942): App\Controllers\ProductController->search()
 3 SYSTEMPATH\CodeIgniter.php(502): CodeIgniter\CodeIgniter->runController(Object(App\Controllers\ProductController))
 4 SYSTEMPATH\CodeIgniter.php(361): CodeIgniter\CodeIgniter->handleRequest(null, Object(Config\Cache), false)
 5 FCPATH\index.php(89): CodeIgniter\CodeIgniter->run()
 6 SYSTEMPATH\Commands\Server\rewrite.php(47): require_once('C:\\laragon\\www\\Capstone\\CODEIGNITER 4\\public\\index.php')
CRITICAL - 2023-12-14 14:01:53 --> Call to undefined method App\Models\ProductModel::search
in SYSTEMPATH\Model.php on line 873.
 1 APPPATH\Controllers\ProductController.php(185): CodeIgniter\Model->__call('search', [...])
 2 SYSTEMPATH\CodeIgniter.php(942): App\Controllers\ProductController->search()
 3 SYSTEMPATH\CodeIgniter.php(502): CodeIgniter\CodeIgniter->runController(Object(App\Controllers\ProductController))
 4 SYSTEMPATH\CodeIgniter.php(361): CodeIgniter\CodeIgniter->handleRequest(null, Object(Config\Cache), false)
 5 FCPATH\index.php(89): CodeIgniter\CodeIgniter->run()
 6 SYSTEMPATH\Commands\Server\rewrite.php(47): require_once('C:\\laragon\\www\\Capstone\\CODEIGNITER 4\\public\\index.php')
CRITICAL - 2023-12-14 14:01:53 --> Call to undefined method App\Models\ProductModel::search
in SYSTEMPATH\Model.php on line 873.
 1 APPPATH\Controllers\ProductController.php(185): CodeIgniter\Model->__call('search', [...])
 2 SYSTEMPATH\CodeIgniter.php(942): App\Controllers\ProductController->search()
 3 SYSTEMPATH\CodeIgniter.php(502): CodeIgniter\CodeIgniter->runController(Object(App\Controllers\ProductController))
 4 SYSTEMPATH\CodeIgniter.php(361): CodeIgniter\CodeIgniter->handleRequest(null, Object(Config\Cache), false)
 5 FCPATH\index.php(89): CodeIgniter\CodeIgniter->run()
 6 SYSTEMPATH\Commands\Server\rewrite.php(47): require_once('C:\\laragon\\www\\Capstone\\CODEIGNITER 4\\public\\index.php')
CRITICAL - 2023-12-14 14:01:54 --> Call to undefined method App\Models\ProductModel::search
in SYSTEMPATH\Model.php on line 873.
 1 APPPATH\Controllers\ProductController.php(185): CodeIgniter\Model->__call('search', [...])
 2 SYSTEMPATH\CodeIgniter.php(942): App\Controllers\ProductController->search()
 3 SYSTEMPATH\CodeIgniter.php(502): CodeIgniter\CodeIgniter->runController(Object(App\Controllers\ProductController))
 4 SYSTEMPATH\CodeIgniter.php(361): CodeIgniter\CodeIgniter->handleRequest(null, Object(Config\Cache), false)
 5 FCPATH\index.php(89): CodeIgniter\CodeIgniter->run()
 6 SYSTEMPATH\Commands\Server\rewrite.php(47): require_once('C:\\laragon\\www\\Capstone\\CODEIGNITER 4\\public\\index.php')
CRITICAL - 2023-12-14 14:02:04 --> Call to undefined method App\Models\ProductModel::search
in SYSTEMPATH\Model.php on line 873.
 1 APPPATH\Controllers\ProductController.php(185): CodeIgniter\Model->__call('search', [...])
 2 SYSTEMPATH\CodeIgniter.php(942): App\Controllers\ProductController->search()
 3 SYSTEMPATH\CodeIgniter.php(502): CodeIgniter\CodeIgniter->runController(Object(App\Controllers\ProductController))
 4 SYSTEMPATH\CodeIgniter.php(361): CodeIgniter\CodeIgniter->handleRequest(null, Object(Config\Cache), false)
 5 FCPATH\index.php(89): CodeIgniter\CodeIgniter->run()
 6 SYSTEMPATH\Commands\Server\rewrite.php(47): require_once('C:\\laragon\\www\\Capstone\\CODEIGNITER 4\\public\\index.php')
CRITICAL - 2023-12-14 14:02:16 --> Call to undefined method App\Models\ProductModel::search
in SYSTEMPATH\Model.php on line 873.
 1 APPPATH\Controllers\ProductController.php(185): CodeIgniter\Model->__call('search', [...])
 2 SYSTEMPATH\CodeIgniter.php(942): App\Controllers\ProductController->search()
 3 SYSTEMPATH\CodeIgniter.php(502): CodeIgniter\CodeIgniter->runController(Object(App\Controllers\ProductController))
 4 SYSTEMPATH\CodeIgniter.php(361): CodeIgniter\CodeIgniter->handleRequest(null, Object(Config\Cache), false)
 5 FCPATH\index.php(89): CodeIgniter\CodeIgniter->run()
 6 SYSTEMPATH\Commands\Server\rewrite.php(47): require_once('C:\\laragon\\www\\Capstone\\CODEIGNITER 4\\public\\index.php')
CRITICAL - 2023-12-14 14:03:49 --> Call to undefined method App\Models\ProductModel::search
in SYSTEMPATH\Model.php on line 873.
 1 APPPATH\Controllers\ProductController.php(185): CodeIgniter\Model->__call('search', [...])
 2 SYSTEMPATH\CodeIgniter.php(942): App\Controllers\ProductController->search()
 3 SYSTEMPATH\CodeIgniter.php(502): CodeIgniter\CodeIgniter->runController(Object(App\Controllers\ProductController))
 4 SYSTEMPATH\CodeIgniter.php(361): CodeIgniter\CodeIgniter->handleRequest(null, Object(Config\Cache), false)
 5 FCPATH\index.php(89): CodeIgniter\CodeIgniter->run()
 6 SYSTEMPATH\Commands\Server\rewrite.php(47): require_once('C:\\laragon\\www\\Capstone\\CODEIGNITER 4\\public\\index.php')
CRITICAL - 2023-12-14 14:03:49 --> Call to undefined method App\Models\ProductModel::search
in SYSTEMPATH\Model.php on line 873.
 1 APPPATH\Controllers\ProductController.php(185): CodeIgniter\Model->__call('search', [...])
 2 SYSTEMPATH\CodeIgniter.php(942): App\Controllers\ProductController->search()
 3 SYSTEMPATH\CodeIgniter.php(502): CodeIgniter\CodeIgniter->runController(Object(App\Controllers\ProductController))
 4 SYSTEMPATH\CodeIgniter.php(361): CodeIgniter\CodeIgniter->handleRequest(null, Object(Config\Cache), false)
 5 FCPATH\index.php(89): CodeIgniter\CodeIgniter->run()
 6 SYSTEMPATH\Commands\Server\rewrite.php(47): require_once('C:\\laragon\\www\\Capstone\\CODEIGNITER 4\\public\\index.php')
CRITICAL - 2023-12-14 14:03:50 --> Call to undefined method App\Models\ProductModel::search
in SYSTEMPATH\Model.php on line 873.
 1 APPPATH\Controllers\ProductController.php(185): CodeIgniter\Model->__call('search', [...])
 2 SYSTEMPATH\CodeIgniter.php(942): App\Controllers\ProductController->search()
 3 SYSTEMPATH\CodeIgniter.php(502): CodeIgniter\CodeIgniter->runController(Object(App\Controllers\ProductController))
 4 SYSTEMPATH\CodeIgniter.php(361): CodeIgniter\CodeIgniter->handleRequest(null, Object(Config\Cache), false)
 5 FCPATH\index.php(89): CodeIgniter\CodeIgniter->run()
 6 SYSTEMPATH\Commands\Server\rewrite.php(47): require_once('C:\\laragon\\www\\Capstone\\CODEIGNITER 4\\public\\index.php')
CRITICAL - 2023-12-14 14:03:50 --> Call to undefined method App\Models\ProductModel::search
in SYSTEMPATH\Model.php on line 873.
 1 APPPATH\Controllers\ProductController.php(185): CodeIgniter\Model->__call('search', [...])
 2 SYSTEMPATH\CodeIgniter.php(942): App\Controllers\ProductController->search()
 3 SYSTEMPATH\CodeIgniter.php(502): CodeIgniter\CodeIgniter->runController(Object(App\Controllers\ProductController))
 4 SYSTEMPATH\CodeIgniter.php(361): CodeIgniter\CodeIgniter->handleRequest(null, Object(Config\Cache), false)
 5 FCPATH\index.php(89): CodeIgniter\CodeIgniter->run()
 6 SYSTEMPATH\Commands\Server\rewrite.php(47): require_once('C:\\laragon\\www\\Capstone\\CODEIGNITER 4\\public\\index.php')
CRITICAL - 2023-12-14 14:06:15 --> Invalid file: "search/index.php"
in SYSTEMPATH\Exceptions\FrameworkException.php on line 39.
 1 SYSTEMPATH\View\View.php(216): CodeIgniter\Exceptions\FrameworkException::forInvalidFile('search/index.php')
 2 SYSTEMPATH\Common.php(1190): CodeIgniter\View\View->render('search/index', [], true)
 3 APPPATH\Controllers\ProductController.php(188): view('search/index', [])
 4 SYSTEMPATH\CodeIgniter.php(942): App\Controllers\ProductController->search()
 5 SYSTEMPATH\CodeIgniter.php(502): CodeIgniter\CodeIgniter->runController(Object(App\Controllers\ProductController))
 6 SYSTEMPATH\CodeIgniter.php(361): CodeIgniter\CodeIgniter->handleRequest(null, Object(Config\Cache), false)
 7 FCPATH\index.php(89): CodeIgniter\CodeIgniter->run()
 8 SYSTEMPATH\Commands\Server\rewrite.php(47): require_once('C:\\laragon\\www\\Capstone\\CODEIGNITER 4\\public\\index.php')
CRITICAL - 2023-12-14 14:06:45 --> Invalid file: "search/index.php"
in SYSTEMPATH\Exceptions\FrameworkException.php on line 39.
 1 SYSTEMPATH\View\View.php(216): CodeIgniter\Exceptions\FrameworkException::forInvalidFile('search/index.php')
 2 SYSTEMPATH\Common.php(1190): CodeIgniter\View\View->render('search/index', [], true)
 3 APPPATH\Controllers\ProductController.php(188): view('search/index', [])
 4 SYSTEMPATH\CodeIgniter.php(942): App\Controllers\ProductController->search()
 5 SYSTEMPATH\CodeIgniter.php(502): CodeIgniter\CodeIgniter->runController(Object(App\Controllers\ProductController))
 6 SYSTEMPATH\CodeIgniter.php(361): CodeIgniter\CodeIgniter->handleRequest(null, Object(Config\Cache), false)
 7 FCPATH\index.php(89): CodeIgniter\CodeIgniter->run()
 8 SYSTEMPATH\Commands\Server\rewrite.php(47): require_once('C:\\laragon\\www\\Capstone\\CODEIGNITER 4\\public\\index.php')
CRITICAL - 2023-12-14 14:08:26 --> Invalid file: "search/index.php"
in SYSTEMPATH\Exceptions\FrameworkException.php on line 39.
 1 SYSTEMPATH\View\View.php(216): CodeIgniter\Exceptions\FrameworkException::forInvalidFile('search/index.php')
 2 SYSTEMPATH\Common.php(1190): CodeIgniter\View\View->render('search/index', [], true)
 3 APPPATH\Controllers\ProductController.php(191): view('search/index', [...])
 4 SYSTEMPATH\CodeIgniter.php(942): App\Controllers\ProductController->search()
 5 SYSTEMPATH\CodeIgniter.php(502): CodeIgniter\CodeIgniter->runController(Object(App\Controllers\ProductController))
 6 SYSTEMPATH\CodeIgniter.php(361): CodeIgniter\CodeIgniter->handleRequest(null, Object(Config\Cache), false)
 7 FCPATH\index.php(89): CodeIgniter\CodeIgniter->run()
 8 SYSTEMPATH\Commands\Server\rewrite.php(47): require_once('C:\\laragon\\www\\Capstone\\CODEIGNITER 4\\public\\index.php')
CRITICAL - 2023-12-14 16:57:59 --> There is no data to insert.
in SYSTEMPATH\BaseModel.php on line 1726.
 1 SYSTEMPATH\BaseModel.php(1726): CodeIgniter\Database\Exceptions\DataException::forEmptyDataset('insert')
 2 SYSTEMPATH\BaseModel.php(748): CodeIgniter\BaseModel->transformDataToArray([], 'insert')
 3 SYSTEMPATH\Model.php(715): CodeIgniter\BaseModel->insert([], true)
 4 APPPATH\Controllers\ProductController.php(201): CodeIgniter\Model->insert([])
 5 SYSTEMPATH\CodeIgniter.php(942): App\Controllers\ProductController->addProduct()
 6 SYSTEMPATH\CodeIgniter.php(502): CodeIgniter\CodeIgniter->runController(Object(App\Controllers\ProductController))
 7 SYSTEMPATH\CodeIgniter.php(361): CodeIgniter\CodeIgniter->handleRequest(null, Object(Config\Cache), false)
 8 FCPATH\index.php(89): CodeIgniter\CodeIgniter->run()
 9 SYSTEMPATH\Commands\Server\rewrite.php(47): require_once('C:\\laragon\\www\\Capstone\\CODEIGNITER 4\\public\\index.php')
CRITICAL - 2023-12-14 16:57:59 --> There is no data to insert.
in SYSTEMPATH\BaseModel.php on line 1726.
 1 SYSTEMPATH\BaseModel.php(1726): CodeIgniter\Database\Exceptions\DataException::forEmptyDataset('insert')
 2 SYSTEMPATH\BaseModel.php(748): CodeIgniter\BaseModel->transformDataToArray([], 'insert')
 3 SYSTEMPATH\Model.php(715): CodeIgniter\BaseModel->insert([], true)
 4 APPPATH\Controllers\ProductController.php(201): CodeIgniter\Model->insert([])
 5 SYSTEMPATH\CodeIgniter.php(942): App\Controllers\ProductController->addProduct()
 6 SYSTEMPATH\CodeIgniter.php(502): CodeIgniter\CodeIgniter->runController(Object(App\Controllers\ProductController))
 7 SYSTEMPATH\CodeIgniter.php(361): CodeIgniter\CodeIgniter->handleRequest(null, Object(Config\Cache), false)
 8 FCPATH\index.php(89): CodeIgniter\CodeIgniter->run()
 9 SYSTEMPATH\Commands\Server\rewrite.php(47): require_once('C:\\laragon\\www\\Capstone\\CODEIGNITER 4\\public\\index.php')
CRITICAL - 2023-12-14 16:57:59 --> There is no data to insert.
in SYSTEMPATH\BaseModel.php on line 1726.
 1 SYSTEMPATH\BaseModel.php(1726): CodeIgniter\Database\Exceptions\DataException::forEmptyDataset('insert')
 2 SYSTEMPATH\BaseModel.php(748): CodeIgniter\BaseModel->transformDataToArray([], 'insert')
 3 SYSTEMPATH\Model.php(715): CodeIgniter\BaseModel->insert([], true)
 4 APPPATH\Controllers\ProductController.php(201): CodeIgniter\Model->insert([])
 5 SYSTEMPATH\CodeIgniter.php(942): App\Controllers\ProductController->addProduct()
 6 SYSTEMPATH\CodeIgniter.php(502): CodeIgniter\CodeIgniter->runController(Object(App\Controllers\ProductController))
 7 SYSTEMPATH\CodeIgniter.php(361): CodeIgniter\CodeIgniter->handleRequest(null, Object(Config\Cache), false)
 8 FCPATH\index.php(89): CodeIgniter\CodeIgniter->run()
 9 SYSTEMPATH\Commands\Server\rewrite.php(47): require_once('C:\\laragon\\www\\Capstone\\CODEIGNITER 4\\public\\index.php')
CRITICAL - 2023-12-14 16:57:59 --> There is no data to insert.
in SYSTEMPATH\BaseModel.php on line 1726.
 1 SYSTEMPATH\BaseModel.php(1726): CodeIgniter\Database\Exceptions\DataException::forEmptyDataset('insert')
 2 SYSTEMPATH\BaseModel.php(748): CodeIgniter\BaseModel->transformDataToArray([], 'insert')
 3 SYSTEMPATH\Model.php(715): CodeIgniter\BaseModel->insert([], true)
 4 APPPATH\Controllers\ProductController.php(201): CodeIgniter\Model->insert([])
 5 SYSTEMPATH\CodeIgniter.php(942): App\Controllers\ProductController->addProduct()
 6 SYSTEMPATH\CodeIgniter.php(502): CodeIgniter\CodeIgniter->runController(Object(App\Controllers\ProductController))
 7 SYSTEMPATH\CodeIgniter.php(361): CodeIgniter\CodeIgniter->handleRequest(null, Object(Config\Cache), false)
 8 FCPATH\index.php(89): CodeIgniter\CodeIgniter->run()
 9 SYSTEMPATH\Commands\Server\rewrite.php(47): require_once('C:\\laragon\\www\\Capstone\\CODEIGNITER 4\\public\\index.php')
CRITICAL - 2023-12-14 16:58:00 --> There is no data to insert.
in SYSTEMPATH\BaseModel.php on line 1726.
 1 SYSTEMPATH\BaseModel.php(1726): CodeIgniter\Database\Exceptions\DataException::forEmptyDataset('insert')
 2 SYSTEMPATH\BaseModel.php(748): CodeIgniter\BaseModel->transformDataToArray([], 'insert')
 3 SYSTEMPATH\Model.php(715): CodeIgniter\BaseModel->insert([], true)
 4 APPPATH\Controllers\ProductController.php(201): CodeIgniter\Model->insert([])
 5 SYSTEMPATH\CodeIgniter.php(942): App\Controllers\ProductController->addProduct()
 6 SYSTEMPATH\CodeIgniter.php(502): CodeIgniter\CodeIgniter->runController(Object(App\Controllers\ProductController))
 7 SYSTEMPATH\CodeIgniter.php(361): CodeIgniter\CodeIgniter->handleRequest(null, Object(Config\Cache), false)
 8 FCPATH\index.php(89): CodeIgniter\CodeIgniter->run()
 9 SYSTEMPATH\Commands\Server\rewrite.php(47): require_once('C:\\laragon\\www\\Capstone\\CODEIGNITER 4\\public\\index.php')
CRITICAL - 2023-12-14 16:58:00 --> There is no data to insert.
in SYSTEMPATH\BaseModel.php on line 1726.
 1 SYSTEMPATH\BaseModel.php(1726): CodeIgniter\Database\Exceptions\DataException::forEmptyDataset('insert')
 2 SYSTEMPATH\BaseModel.php(748): CodeIgniter\BaseModel->transformDataToArray([], 'insert')
 3 SYSTEMPATH\Model.php(715): CodeIgniter\BaseModel->insert([], true)
 4 APPPATH\Controllers\ProductController.php(201): CodeIgniter\Model->insert([])
 5 SYSTEMPATH\CodeIgniter.php(942): App\Controllers\ProductController->addProduct()
 6 SYSTEMPATH\CodeIgniter.php(502): CodeIgniter\CodeIgniter->runController(Object(App\Controllers\ProductController))
 7 SYSTEMPATH\CodeIgniter.php(361): CodeIgniter\CodeIgniter->handleRequest(null, Object(Config\Cache), false)
 8 FCPATH\index.php(89): CodeIgniter\CodeIgniter->run()
 9 SYSTEMPATH\Commands\Server\rewrite.php(47): require_once('C:\\laragon\\www\\Capstone\\CODEIGNITER 4\\public\\index.php')
CRITICAL - 2023-12-14 16:58:00 --> There is no data to insert.
in SYSTEMPATH\BaseModel.php on line 1726.
 1 SYSTEMPATH\BaseModel.php(1726): CodeIgniter\Database\Exceptions\DataException::forEmptyDataset('insert')
 2 SYSTEMPATH\BaseModel.php(748): CodeIgniter\BaseModel->transformDataToArray([], 'insert')
 3 SYSTEMPATH\Model.php(715): CodeIgniter\BaseModel->insert([], true)
 4 APPPATH\Controllers\ProductController.php(201): CodeIgniter\Model->insert([])
 5 SYSTEMPATH\CodeIgniter.php(942): App\Controllers\ProductController->addProduct()
 6 SYSTEMPATH\CodeIgniter.php(502): CodeIgniter\CodeIgniter->runController(Object(App\Controllers\ProductController))
 7 SYSTEMPATH\CodeIgniter.php(361): CodeIgniter\CodeIgniter->handleRequest(null, Object(Config\Cache), false)
 8 FCPATH\index.php(89): CodeIgniter\CodeIgniter->run()
 9 SYSTEMPATH\Commands\Server\rewrite.php(47): require_once('C:\\laragon\\www\\Capstone\\CODEIGNITER 4\\public\\index.php')
CRITICAL - 2023-12-14 16:58:00 --> There is no data to insert.
in SYSTEMPATH\BaseModel.php on line 1726.
 1 SYSTEMPATH\BaseModel.php(1726): CodeIgniter\Database\Exceptions\DataException::forEmptyDataset('insert')
 2 SYSTEMPATH\BaseModel.php(748): CodeIgniter\BaseModel->transformDataToArray([], 'insert')
 3 SYSTEMPATH\Model.php(715): CodeIgniter\BaseModel->insert([], true)
 4 APPPATH\Controllers\ProductController.php(201): CodeIgniter\Model->insert([])
 5 SYSTEMPATH\CodeIgniter.php(942): App\Controllers\ProductController->addProduct()
 6 SYSTEMPATH\CodeIgniter.php(502): CodeIgniter\CodeIgniter->runController(Object(App\Controllers\ProductController))
 7 SYSTEMPATH\CodeIgniter.php(361): CodeIgniter\CodeIgniter->handleRequest(null, Object(Config\Cache), false)
 8 FCPATH\index.php(89): CodeIgniter\CodeIgniter->run()
 9 SYSTEMPATH\Commands\Server\rewrite.php(47): require_once('C:\\laragon\\www\\Capstone\\CODEIGNITER 4\\public\\index.php')
CRITICAL - 2023-12-14 16:58:09 --> There is no data to insert.
in SYSTEMPATH\BaseModel.php on line 1726.
 1 SYSTEMPATH\BaseModel.php(1726): CodeIgniter\Database\Exceptions\DataException::forEmptyDataset('insert')
 2 SYSTEMPATH\BaseModel.php(748): CodeIgniter\BaseModel->transformDataToArray([], 'insert')
 3 SYSTEMPATH\Model.php(715): CodeIgniter\BaseModel->insert([], true)
 4 APPPATH\Controllers\ProductController.php(201): CodeIgniter\Model->insert([])
 5 SYSTEMPATH\CodeIgniter.php(942): App\Controllers\ProductController->addProduct()
 6 SYSTEMPATH\CodeIgniter.php(502): CodeIgniter\CodeIgniter->runController(Object(App\Controllers\ProductController))
 7 SYSTEMPATH\CodeIgniter.php(361): CodeIgniter\CodeIgniter->handleRequest(null, Object(Config\Cache), false)
 8 FCPATH\index.php(89): CodeIgniter\CodeIgniter->run()
 9 SYSTEMPATH\Commands\Server\rewrite.php(47): require_once('C:\\laragon\\www\\Capstone\\CODEIGNITER 4\\public\\index.php')
CRITICAL - 2023-12-14 17:01:10 --> There is no data to insert.
in SYSTEMPATH\BaseModel.php on line 1726.
 1 SYSTEMPATH\BaseModel.php(1726): CodeIgniter\Database\Exceptions\DataException::forEmptyDataset('insert')
 2 SYSTEMPATH\BaseModel.php(748): CodeIgniter\BaseModel->transformDataToArray([], 'insert')
 3 SYSTEMPATH\Model.php(715): CodeIgniter\BaseModel->insert([], true)
 4 APPPATH\Controllers\ProductController.php(201): CodeIgniter\Model->insert([])
 5 SYSTEMPATH\CodeIgniter.php(942): App\Controllers\ProductController->addProduct()
 6 SYSTEMPATH\CodeIgniter.php(502): CodeIgniter\CodeIgniter->runController(Object(App\Controllers\ProductController))
 7 SYSTEMPATH\CodeIgniter.php(361): CodeIgniter\CodeIgniter->handleRequest(null, Object(Config\Cache), false)
 8 FCPATH\index.php(89): CodeIgniter\CodeIgniter->run()
 9 SYSTEMPATH\Commands\Server\rewrite.php(47): require_once('C:\\laragon\\www\\Capstone\\CODEIGNITER 4\\public\\index.php')
CRITICAL - 2023-12-14 17:02:25 --> There is no data to insert.
in SYSTEMPATH\BaseModel.php on line 1726.
 1 SYSTEMPATH\BaseModel.php(1726): CodeIgniter\Database\Exceptions\DataException::forEmptyDataset('insert')
 2 SYSTEMPATH\BaseModel.php(748): CodeIgniter\BaseModel->transformDataToArray([], 'insert')
 3 SYSTEMPATH\Model.php(715): CodeIgniter\BaseModel->insert([], true)
 4 APPPATH\Controllers\ProductController.php(201): CodeIgniter\Model->insert([])
 5 SYSTEMPATH\CodeIgniter.php(942): App\Controllers\ProductController->addProduct()
 6 SYSTEMPATH\CodeIgniter.php(502): CodeIgniter\CodeIgniter->runController(Object(App\Controllers\ProductController))
 7 SYSTEMPATH\CodeIgniter.php(361): CodeIgniter\CodeIgniter->handleRequest(null, Object(Config\Cache), false)
 8 FCPATH\index.php(89): CodeIgniter\CodeIgniter->run()
 9 SYSTEMPATH\Commands\Server\rewrite.php(47): require_once('C:\\laragon\\www\\Capstone\\CODEIGNITER 4\\public\\index.php')
CRITICAL - 2023-12-14 17:05:58 --> There is no data to insert.
in SYSTEMPATH\BaseModel.php on line 1726.
 1 SYSTEMPATH\BaseModel.php(1726): CodeIgniter\Database\Exceptions\DataException::forEmptyDataset('insert')
 2 SYSTEMPATH\BaseModel.php(748): CodeIgniter\BaseModel->transformDataToArray([], 'insert')
 3 SYSTEMPATH\Model.php(715): CodeIgniter\BaseModel->insert([], true)
 4 APPPATH\Controllers\ProductController.php(201): CodeIgniter\Model->insert([])
 5 SYSTEMPATH\CodeIgniter.php(942): App\Controllers\ProductController->addProduct()
 6 SYSTEMPATH\CodeIgniter.php(502): CodeIgniter\CodeIgniter->runController(Object(App\Controllers\ProductController))
 7 SYSTEMPATH\CodeIgniter.php(361): CodeIgniter\CodeIgniter->handleRequest(null, Object(Config\Cache), false)
 8 FCPATH\index.php(89): CodeIgniter\CodeIgniter->run()
 9 SYSTEMPATH\Commands\Server\rewrite.php(47): require_once('C:\\laragon\\www\\Capstone\\CODEIGNITER 4\\public\\index.php')
CRITICAL - 2023-12-14 17:07:32 --> There is no data to insert.
in SYSTEMPATH\BaseModel.php on line 1726.
 1 SYSTEMPATH\BaseModel.php(1726): CodeIgniter\Database\Exceptions\DataException::forEmptyDataset('insert')
 2 SYSTEMPATH\BaseModel.php(748): CodeIgniter\BaseModel->transformDataToArray([], 'insert')
 3 SYSTEMPATH\Model.php(715): CodeIgniter\BaseModel->insert([], true)
 4 APPPATH\Controllers\ProductController.php(201): CodeIgniter\Model->insert([])
 5 SYSTEMPATH\CodeIgniter.php(942): App\Controllers\ProductController->addProduct()
 6 SYSTEMPATH\CodeIgniter.php(502): CodeIgniter\CodeIgniter->runController(Object(App\Controllers\ProductController))
 7 SYSTEMPATH\CodeIgniter.php(361): CodeIgniter\CodeIgniter->handleRequest(null, Object(Config\Cache), false)
 8 FCPATH\index.php(89): CodeIgniter\CodeIgniter->run()
 9 SYSTEMPATH\Commands\Server\rewrite.php(47): require_once('C:\\laragon\\www\\Capstone\\CODEIGNITER 4\\public\\index.php')
CRITICAL - 2023-12-14 17:07:40 --> There is no data to insert.
in SYSTEMPATH\BaseModel.php on line 1726.
 1 SYSTEMPATH\BaseModel.php(1726): CodeIgniter\Database\Exceptions\DataException::forEmptyDataset('insert')
 2 SYSTEMPATH\BaseModel.php(748): CodeIgniter\BaseModel->transformDataToArray([], 'insert')
 3 SYSTEMPATH\Model.php(715): CodeIgniter\BaseModel->insert([], true)
 4 APPPATH\Controllers\ProductController.php(201): CodeIgniter\Model->insert([])
 5 SYSTEMPATH\CodeIgniter.php(942): App\Controllers\ProductController->addProduct()
 6 SYSTEMPATH\CodeIgniter.php(502): CodeIgniter\CodeIgniter->runController(Object(App\Controllers\ProductController))
 7 SYSTEMPATH\CodeIgniter.php(361): CodeIgniter\CodeIgniter->handleRequest(null, Object(Config\Cache), false)
 8 FCPATH\index.php(89): CodeIgniter\CodeIgniter->run()
 9 SYSTEMPATH\Commands\Server\rewrite.php(47): require_once('C:\\laragon\\www\\Capstone\\CODEIGNITER 4\\public\\index.php')
CRITICAL - 2023-12-14 17:07:42 --> There is no data to insert.
in SYSTEMPATH\BaseModel.php on line 1726.
 1 SYSTEMPATH\BaseModel.php(1726): CodeIgniter\Database\Exceptions\DataException::forEmptyDataset('insert')
 2 SYSTEMPATH\BaseModel.php(748): CodeIgniter\BaseModel->transformDataToArray([], 'insert')
 3 SYSTEMPATH\Model.php(715): CodeIgniter\BaseModel->insert([], true)
 4 APPPATH\Controllers\ProductController.php(201): CodeIgniter\Model->insert([])
 5 SYSTEMPATH\CodeIgniter.php(942): App\Controllers\ProductController->addProduct()
 6 SYSTEMPATH\CodeIgniter.php(502): CodeIgniter\CodeIgniter->runController(Object(App\Controllers\ProductController))
 7 SYSTEMPATH\CodeIgniter.php(361): CodeIgniter\CodeIgniter->handleRequest(null, Object(Config\Cache), false)
 8 FCPATH\index.php(89): CodeIgniter\CodeIgniter->run()
 9 SYSTEMPATH\Commands\Server\rewrite.php(47): require_once('C:\\laragon\\www\\Capstone\\CODEIGNITER 4\\public\\index.php')
CRITICAL - 2023-12-14 17:07:42 --> There is no data to insert.
in SYSTEMPATH\BaseModel.php on line 1726.
 1 SYSTEMPATH\BaseModel.php(1726): CodeIgniter\Database\Exceptions\DataException::forEmptyDataset('insert')
 2 SYSTEMPATH\BaseModel.php(748): CodeIgniter\BaseModel->transformDataToArray([], 'insert')
 3 SYSTEMPATH\Model.php(715): CodeIgniter\BaseModel->insert([], true)
 4 APPPATH\Controllers\ProductController.php(201): CodeIgniter\Model->insert([])
 5 SYSTEMPATH\CodeIgniter.php(942): App\Controllers\ProductController->addProduct()
 6 SYSTEMPATH\CodeIgniter.php(502): CodeIgniter\CodeIgniter->runController(Object(App\Controllers\ProductController))
 7 SYSTEMPATH\CodeIgniter.php(361): CodeIgniter\CodeIgniter->handleRequest(null, Object(Config\Cache), false)
 8 FCPATH\index.php(89): CodeIgniter\CodeIgniter->run()
 9 SYSTEMPATH\Commands\Server\rewrite.php(47): require_once('C:\\laragon\\www\\Capstone\\CODEIGNITER 4\\public\\index.php')
CRITICAL - 2023-12-14 17:07:43 --> There is no data to insert.
in SYSTEMPATH\BaseModel.php on line 1726.
 1 SYSTEMPATH\BaseModel.php(1726): CodeIgniter\Database\Exceptions\DataException::forEmptyDataset('insert')
 2 SYSTEMPATH\BaseModel.php(748): CodeIgniter\BaseModel->transformDataToArray([], 'insert')
 3 SYSTEMPATH\Model.php(715): CodeIgniter\BaseModel->insert([], true)
 4 APPPATH\Controllers\ProductController.php(201): CodeIgniter\Model->insert([])
 5 SYSTEMPATH\CodeIgniter.php(942): App\Controllers\ProductController->addProduct()
 6 SYSTEMPATH\CodeIgniter.php(502): CodeIgniter\CodeIgniter->runController(Object(App\Controllers\ProductController))
 7 SYSTEMPATH\CodeIgniter.php(361): CodeIgniter\CodeIgniter->handleRequest(null, Object(Config\Cache), false)
 8 FCPATH\index.php(89): CodeIgniter\CodeIgniter->run()
 9 SYSTEMPATH\Commands\Server\rewrite.php(47): require_once('C:\\laragon\\www\\Capstone\\CODEIGNITER 4\\public\\index.php')
CRITICAL - 2023-12-14 17:07:43 --> There is no data to insert.
in SYSTEMPATH\BaseModel.php on line 1726.
 1 SYSTEMPATH\BaseModel.php(1726): CodeIgniter\Database\Exceptions\DataException::forEmptyDataset('insert')
 2 SYSTEMPATH\BaseModel.php(748): CodeIgniter\BaseModel->transformDataToArray([], 'insert')
 3 SYSTEMPATH\Model.php(715): CodeIgniter\BaseModel->insert([], true)
 4 APPPATH\Controllers\ProductController.php(201): CodeIgniter\Model->insert([])
 5 SYSTEMPATH\CodeIgniter.php(942): App\Controllers\ProductController->addProduct()
 6 SYSTEMPATH\CodeIgniter.php(502): CodeIgniter\CodeIgniter->runController(Object(App\Controllers\ProductController))
 7 SYSTEMPATH\CodeIgniter.php(361): CodeIgniter\CodeIgniter->handleRequest(null, Object(Config\Cache), false)
 8 FCPATH\index.php(89): CodeIgniter\CodeIgniter->run()
 9 SYSTEMPATH\Commands\Server\rewrite.php(47): require_once('C:\\laragon\\www\\Capstone\\CODEIGNITER 4\\public\\index.php')
CRITICAL - 2023-12-14 17:07:43 --> There is no data to insert.
in SYSTEMPATH\BaseModel.php on line 1726.
 1 SYSTEMPATH\BaseModel.php(1726): CodeIgniter\Database\Exceptions\DataException::forEmptyDataset('insert')
 2 SYSTEMPATH\BaseModel.php(748): CodeIgniter\BaseModel->transformDataToArray([], 'insert')
 3 SYSTEMPATH\Model.php(715): CodeIgniter\BaseModel->insert([], true)
 4 APPPATH\Controllers\ProductController.php(201): CodeIgniter\Model->insert([])
 5 SYSTEMPATH\CodeIgniter.php(942): App\Controllers\ProductController->addProduct()
 6 SYSTEMPATH\CodeIgniter.php(502): CodeIgniter\CodeIgniter->runController(Object(App\Controllers\ProductController))
 7 SYSTEMPATH\CodeIgniter.php(361): CodeIgniter\CodeIgniter->handleRequest(null, Object(Config\Cache), false)
 8 FCPATH\index.php(89): CodeIgniter\CodeIgniter->run()
 9 SYSTEMPATH\Commands\Server\rewrite.php(47): require_once('C:\\laragon\\www\\Capstone\\CODEIGNITER 4\\public\\index.php')
CRITICAL - 2023-12-14 17:07:43 --> There is no data to insert.
in SYSTEMPATH\BaseModel.php on line 1726.
 1 SYSTEMPATH\BaseModel.php(1726): CodeIgniter\Database\Exceptions\DataException::forEmptyDataset('insert')
 2 SYSTEMPATH\BaseModel.php(748): CodeIgniter\BaseModel->transformDataToArray([], 'insert')
 3 SYSTEMPATH\Model.php(715): CodeIgniter\BaseModel->insert([], true)
 4 APPPATH\Controllers\ProductController.php(201): CodeIgniter\Model->insert([])
 5 SYSTEMPATH\CodeIgniter.php(942): App\Controllers\ProductController->addProduct()
 6 SYSTEMPATH\CodeIgniter.php(502): CodeIgniter\CodeIgniter->runController(Object(App\Controllers\ProductController))
 7 SYSTEMPATH\CodeIgniter.php(361): CodeIgniter\CodeIgniter->handleRequest(null, Object(Config\Cache), false)
 8 FCPATH\index.php(89): CodeIgniter\CodeIgniter->run()
 9 SYSTEMPATH\Commands\Server\rewrite.php(47): require_once('C:\\laragon\\www\\Capstone\\CODEIGNITER 4\\public\\index.php')
CRITICAL - 2023-12-14 17:07:43 --> There is no data to insert.
in SYSTEMPATH\BaseModel.php on line 1726.
 1 SYSTEMPATH\BaseModel.php(1726): CodeIgniter\Database\Exceptions\DataException::forEmptyDataset('insert')
 2 SYSTEMPATH\BaseModel.php(748): CodeIgniter\BaseModel->transformDataToArray([], 'insert')
 3 SYSTEMPATH\Model.php(715): CodeIgniter\BaseModel->insert([], true)
 4 APPPATH\Controllers\ProductController.php(201): CodeIgniter\Model->insert([])
 5 SYSTEMPATH\CodeIgniter.php(942): App\Controllers\ProductController->addProduct()
 6 SYSTEMPATH\CodeIgniter.php(502): CodeIgniter\CodeIgniter->runController(Object(App\Controllers\ProductController))
 7 SYSTEMPATH\CodeIgniter.php(361): CodeIgniter\CodeIgniter->handleRequest(null, Object(Config\Cache), false)
 8 FCPATH\index.php(89): CodeIgniter\CodeIgniter->run()
 9 SYSTEMPATH\Commands\Server\rewrite.php(47): require_once('C:\\laragon\\www\\Capstone\\CODEIGNITER 4\\public\\index.php')
CRITICAL - 2023-12-14 17:07:44 --> There is no data to insert.
in SYSTEMPATH\BaseModel.php on line 1726.
 1 SYSTEMPATH\BaseModel.php(1726): CodeIgniter\Database\Exceptions\DataException::forEmptyDataset('insert')
 2 SYSTEMPATH\BaseModel.php(748): CodeIgniter\BaseModel->transformDataToArray([], 'insert')
 3 SYSTEMPATH\Model.php(715): CodeIgniter\BaseModel->insert([], true)
 4 APPPATH\Controllers\ProductController.php(201): CodeIgniter\Model->insert([])
 5 SYSTEMPATH\CodeIgniter.php(942): App\Controllers\ProductController->addProduct()
 6 SYSTEMPATH\CodeIgniter.php(502): CodeIgniter\CodeIgniter->runController(Object(App\Controllers\ProductController))
 7 SYSTEMPATH\CodeIgniter.php(361): CodeIgniter\CodeIgniter->handleRequest(null, Object(Config\Cache), false)
 8 FCPATH\index.php(89): CodeIgniter\CodeIgniter->run()
 9 SYSTEMPATH\Commands\Server\rewrite.php(47): require_once('C:\\laragon\\www\\Capstone\\CODEIGNITER 4\\public\\index.php')
CRITICAL - 2023-12-14 17:09:40 --> There is no data to insert.
in SYSTEMPATH\BaseModel.php on line 1726.
 1 SYSTEMPATH\BaseModel.php(1726): CodeIgniter\Database\Exceptions\DataException::forEmptyDataset('insert')
 2 SYSTEMPATH\BaseModel.php(748): CodeIgniter\BaseModel->transformDataToArray([], 'insert')
 3 SYSTEMPATH\Model.php(715): CodeIgniter\BaseModel->insert([], true)
 4 APPPATH\Controllers\ProductController.php(201): CodeIgniter\Model->insert([])
 5 SYSTEMPATH\CodeIgniter.php(942): App\Controllers\ProductController->addProduct()
 6 SYSTEMPATH\CodeIgniter.php(502): CodeIgniter\CodeIgniter->runController(Object(App\Controllers\ProductController))
 7 SYSTEMPATH\CodeIgniter.php(361): CodeIgniter\CodeIgniter->handleRequest(null, Object(Config\Cache), false)
 8 FCPATH\index.php(89): CodeIgniter\CodeIgniter->run()
 9 SYSTEMPATH\Commands\Server\rewrite.php(47): require_once('C:\\laragon\\www\\Capstone\\CODEIGNITER 4\\public\\index.php')
CRITICAL - 2023-12-14 17:15:24 --> There is no data to insert.
in SYSTEMPATH\BaseModel.php on line 1726.
 1 SYSTEMPATH\BaseModel.php(1726): CodeIgniter\Database\Exceptions\DataException::forEmptyDataset('insert')
 2 SYSTEMPATH\BaseModel.php(748): CodeIgniter\BaseModel->transformDataToArray([], 'insert')
 3 SYSTEMPATH\Model.php(715): CodeIgniter\BaseModel->insert([], true)
 4 APPPATH\Controllers\ProductController.php(203): CodeIgniter\Model->insert([])
 5 SYSTEMPATH\CodeIgniter.php(942): App\Controllers\ProductController->addProduct()
 6 SYSTEMPATH\CodeIgniter.php(502): CodeIgniter\CodeIgniter->runController(Object(App\Controllers\ProductController))
 7 SYSTEMPATH\CodeIgniter.php(361): CodeIgniter\CodeIgniter->handleRequest(null, Object(Config\Cache), false)
 8 FCPATH\index.php(89): CodeIgniter\CodeIgniter->run()
 9 SYSTEMPATH\Commands\Server\rewrite.php(47): require_once('C:\\laragon\\www\\Capstone\\CODEIGNITER 4\\public\\index.php')
CRITICAL - 2023-12-14 17:20:05 --> There is no data to insert.
in SYSTEMPATH\BaseModel.php on line 1726.
 1 SYSTEMPATH\BaseModel.php(1726): CodeIgniter\Database\Exceptions\DataException::forEmptyDataset('insert')
 2 SYSTEMPATH\BaseModel.php(748): CodeIgniter\BaseModel->transformDataToArray([], 'insert')
 3 SYSTEMPATH\Model.php(715): CodeIgniter\BaseModel->insert([], true)
 4 APPPATH\Controllers\ProductController.php(201): CodeIgniter\Model->insert([])
 5 SYSTEMPATH\CodeIgniter.php(942): App\Controllers\ProductController->addProduct()
 6 SYSTEMPATH\CodeIgniter.php(502): CodeIgniter\CodeIgniter->runController(Object(App\Controllers\ProductController))
 7 SYSTEMPATH\CodeIgniter.php(361): CodeIgniter\CodeIgniter->handleRequest(null, Object(Config\Cache), false)
 8 FCPATH\index.php(89): CodeIgniter\CodeIgniter->run()
 9 SYSTEMPATH\Commands\Server\rewrite.php(47): require_once('C:\\laragon\\www\\Capstone\\CODEIGNITER 4\\public\\index.php')
CRITICAL - 2023-12-14 17:23:06 --> There is no data to insert.
in SYSTEMPATH\BaseModel.php on line 1726.
 1 SYSTEMPATH\BaseModel.php(1726): CodeIgniter\Database\Exceptions\DataException::forEmptyDataset('insert')
 2 SYSTEMPATH\BaseModel.php(748): CodeIgniter\BaseModel->transformDataToArray([], 'insert')
 3 SYSTEMPATH\Model.php(715): CodeIgniter\BaseModel->insert([], true)
 4 APPPATH\Controllers\ProductController.php(201): CodeIgniter\Model->insert([])
 5 SYSTEMPATH\CodeIgniter.php(942): App\Controllers\ProductController->addProduct()
 6 SYSTEMPATH\CodeIgniter.php(502): CodeIgniter\CodeIgniter->runController(Object(App\Controllers\ProductController))
 7 SYSTEMPATH\CodeIgniter.php(361): CodeIgniter\CodeIgniter->handleRequest(null, Object(Config\Cache), false)
 8 FCPATH\index.php(89): CodeIgniter\CodeIgniter->run()
 9 SYSTEMPATH\Commands\Server\rewrite.php(47): require_once('C:\\laragon\\www\\Capstone\\CODEIGNITER 4\\public\\index.php')
CRITICAL - 2023-12-14 17:23:07 --> There is no data to insert.
in SYSTEMPATH\BaseModel.php on line 1726.
 1 SYSTEMPATH\BaseModel.php(1726): CodeIgniter\Database\Exceptions\DataException::forEmptyDataset('insert')
 2 SYSTEMPATH\BaseModel.php(748): CodeIgniter\BaseModel->transformDataToArray([], 'insert')
 3 SYSTEMPATH\Model.php(715): CodeIgniter\BaseModel->insert([], true)
 4 APPPATH\Controllers\ProductController.php(201): CodeIgniter\Model->insert([])
 5 SYSTEMPATH\CodeIgniter.php(942): App\Controllers\ProductController->addProduct()
 6 SYSTEMPATH\CodeIgniter.php(502): CodeIgniter\CodeIgniter->runController(Object(App\Controllers\ProductController))
 7 SYSTEMPATH\CodeIgniter.php(361): CodeIgniter\CodeIgniter->handleRequest(null, Object(Config\Cache), false)
 8 FCPATH\index.php(89): CodeIgniter\CodeIgniter->run()
 9 SYSTEMPATH\Commands\Server\rewrite.php(47): require_once('C:\\laragon\\www\\Capstone\\CODEIGNITER 4\\public\\index.php')
CRITICAL - 2023-12-14 17:23:07 --> There is no data to insert.
in SYSTEMPATH\BaseModel.php on line 1726.
 1 SYSTEMPATH\BaseModel.php(1726): CodeIgniter\Database\Exceptions\DataException::forEmptyDataset('insert')
 2 SYSTEMPATH\BaseModel.php(748): CodeIgniter\BaseModel->transformDataToArray([], 'insert')
 3 SYSTEMPATH\Model.php(715): CodeIgniter\BaseModel->insert([], true)
 4 APPPATH\Controllers\ProductController.php(201): CodeIgniter\Model->insert([])
 5 SYSTEMPATH\CodeIgniter.php(942): App\Controllers\ProductController->addProduct()
 6 SYSTEMPATH\CodeIgniter.php(502): CodeIgniter\CodeIgniter->runController(Object(App\Controllers\ProductController))
 7 SYSTEMPATH\CodeIgniter.php(361): CodeIgniter\CodeIgniter->handleRequest(null, Object(Config\Cache), false)
 8 FCPATH\index.php(89): CodeIgniter\CodeIgniter->run()
 9 SYSTEMPATH\Commands\Server\rewrite.php(47): require_once('C:\\laragon\\www\\Capstone\\CODEIGNITER 4\\public\\index.php')
CRITICAL - 2023-12-14 17:23:07 --> There is no data to insert.
in SYSTEMPATH\BaseModel.php on line 1726.
 1 SYSTEMPATH\BaseModel.php(1726): CodeIgniter\Database\Exceptions\DataException::forEmptyDataset('insert')
 2 SYSTEMPATH\BaseModel.php(748): CodeIgniter\BaseModel->transformDataToArray([], 'insert')
 3 SYSTEMPATH\Model.php(715): CodeIgniter\BaseModel->insert([], true)
 4 APPPATH\Controllers\ProductController.php(201): CodeIgniter\Model->insert([])
 5 SYSTEMPATH\CodeIgniter.php(942): App\Controllers\ProductController->addProduct()
 6 SYSTEMPATH\CodeIgniter.php(502): CodeIgniter\CodeIgniter->runController(Object(App\Controllers\ProductController))
 7 SYSTEMPATH\CodeIgniter.php(361): CodeIgniter\CodeIgniter->handleRequest(null, Object(Config\Cache), false)
 8 FCPATH\index.php(89): CodeIgniter\CodeIgniter->run()
 9 SYSTEMPATH\Commands\Server\rewrite.php(47): require_once('C:\\laragon\\www\\Capstone\\CODEIGNITER 4\\public\\index.php')
CRITICAL - 2023-12-14 17:23:14 --> There is no data to insert.
in SYSTEMPATH\BaseModel.php on line 1726.
 1 SYSTEMPATH\BaseModel.php(1726): CodeIgniter\Database\Exceptions\DataException::forEmptyDataset('insert')
 2 SYSTEMPATH\BaseModel.php(748): CodeIgniter\BaseModel->transformDataToArray([], 'insert')
 3 SYSTEMPATH\Model.php(715): CodeIgniter\BaseModel->insert([], true)
 4 APPPATH\Controllers\ProductController.php(201): CodeIgniter\Model->insert([])
 5 SYSTEMPATH\CodeIgniter.php(942): App\Controllers\ProductController->addProduct()
 6 SYSTEMPATH\CodeIgniter.php(502): CodeIgniter\CodeIgniter->runController(Object(App\Controllers\ProductController))
 7 SYSTEMPATH\CodeIgniter.php(361): CodeIgniter\CodeIgniter->handleRequest(null, Object(Config\Cache), false)
 8 FCPATH\index.php(89): CodeIgniter\CodeIgniter->run()
 9 SYSTEMPATH\Commands\Server\rewrite.php(47): require_once('C:\\laragon\\www\\Capstone\\CODEIGNITER 4\\public\\index.php')
CRITICAL - 2023-12-14 17:25:06 --> There is no data to insert.
in SYSTEMPATH\BaseModel.php on line 1726.
 1 SYSTEMPATH\BaseModel.php(1726): CodeIgniter\Database\Exceptions\DataException::forEmptyDataset('insert')
 2 SYSTEMPATH\BaseModel.php(748): CodeIgniter\BaseModel->transformDataToArray([], 'insert')
 3 SYSTEMPATH\Model.php(715): CodeIgniter\BaseModel->insert([], true)
 4 APPPATH\Controllers\ProductController.php(201): CodeIgniter\Model->insert([])
 5 SYSTEMPATH\CodeIgniter.php(942): App\Controllers\ProductController->addProduct()
 6 SYSTEMPATH\CodeIgniter.php(502): CodeIgniter\CodeIgniter->runController(Object(App\Controllers\ProductController))
 7 SYSTEMPATH\CodeIgniter.php(361): CodeIgniter\CodeIgniter->handleRequest(null, Object(Config\Cache), false)
 8 FCPATH\index.php(89): CodeIgniter\CodeIgniter->run()
 9 SYSTEMPATH\Commands\Server\rewrite.php(47): require_once('C:\\laragon\\www\\Capstone\\CODEIGNITER 4\\public\\index.php')
CRITICAL - 2023-12-14 17:25:06 --> There is no data to insert.
in SYSTEMPATH\BaseModel.php on line 1726.
 1 SYSTEMPATH\BaseModel.php(1726): CodeIgniter\Database\Exceptions\DataException::forEmptyDataset('insert')
 2 SYSTEMPATH\BaseModel.php(748): CodeIgniter\BaseModel->transformDataToArray([], 'insert')
 3 SYSTEMPATH\Model.php(715): CodeIgniter\BaseModel->insert([], true)
 4 APPPATH\Controllers\ProductController.php(201): CodeIgniter\Model->insert([])
 5 SYSTEMPATH\CodeIgniter.php(942): App\Controllers\ProductController->addProduct()
 6 SYSTEMPATH\CodeIgniter.php(502): CodeIgniter\CodeIgniter->runController(Object(App\Controllers\ProductController))
 7 SYSTEMPATH\CodeIgniter.php(361): CodeIgniter\CodeIgniter->handleRequest(null, Object(Config\Cache), false)
 8 FCPATH\index.php(89): CodeIgniter\CodeIgniter->run()
 9 SYSTEMPATH\Commands\Server\rewrite.php(47): require_once('C:\\laragon\\www\\Capstone\\CODEIGNITER 4\\public\\index.php')
CRITICAL - 2023-12-14 17:25:06 --> There is no data to insert.
in SYSTEMPATH\BaseModel.php on line 1726.
 1 SYSTEMPATH\BaseModel.php(1726): CodeIgniter\Database\Exceptions\DataException::forEmptyDataset('insert')
 2 SYSTEMPATH\BaseModel.php(748): CodeIgniter\BaseModel->transformDataToArray([], 'insert')
 3 SYSTEMPATH\Model.php(715): CodeIgniter\BaseModel->insert([], true)
 4 APPPATH\Controllers\ProductController.php(201): CodeIgniter\Model->insert([])
 5 SYSTEMPATH\CodeIgniter.php(942): App\Controllers\ProductController->addProduct()
 6 SYSTEMPATH\CodeIgniter.php(502): CodeIgniter\CodeIgniter->runController(Object(App\Controllers\ProductController))
 7 SYSTEMPATH\CodeIgniter.php(361): CodeIgniter\CodeIgniter->handleRequest(null, Object(Config\Cache), false)
 8 FCPATH\index.php(89): CodeIgniter\CodeIgniter->run()
 9 SYSTEMPATH\Commands\Server\rewrite.php(47): require_once('C:\\laragon\\www\\Capstone\\CODEIGNITER 4\\public\\index.php')
CRITICAL - 2023-12-14 17:25:06 --> There is no data to insert.
in SYSTEMPATH\BaseModel.php on line 1726.
 1 SYSTEMPATH\BaseModel.php(1726): CodeIgniter\Database\Exceptions\DataException::forEmptyDataset('insert')
 2 SYSTEMPATH\BaseModel.php(748): CodeIgniter\BaseModel->transformDataToArray([], 'insert')
 3 SYSTEMPATH\Model.php(715): CodeIgniter\BaseModel->insert([], true)
 4 APPPATH\Controllers\ProductController.php(201): CodeIgniter\Model->insert([])
 5 SYSTEMPATH\CodeIgniter.php(942): App\Controllers\ProductController->addProduct()
 6 SYSTEMPATH\CodeIgniter.php(502): CodeIgniter\CodeIgniter->runController(Object(App\Controllers\ProductController))
 7 SYSTEMPATH\CodeIgniter.php(361): CodeIgniter\CodeIgniter->handleRequest(null, Object(Config\Cache), false)
 8 FCPATH\index.php(89): CodeIgniter\CodeIgniter->run()
 9 SYSTEMPATH\Commands\Server\rewrite.php(47): require_once('C:\\laragon\\www\\Capstone\\CODEIGNITER 4\\public\\index.php')
CRITICAL - 2023-12-14 17:25:07 --> There is no data to insert.
in SYSTEMPATH\BaseModel.php on line 1726.
 1 SYSTEMPATH\BaseModel.php(1726): CodeIgniter\Database\Exceptions\DataException::forEmptyDataset('insert')
 2 SYSTEMPATH\BaseModel.php(748): CodeIgniter\BaseModel->transformDataToArray([], 'insert')
 3 SYSTEMPATH\Model.php(715): CodeIgniter\BaseModel->insert([], true)
 4 APPPATH\Controllers\ProductController.php(201): CodeIgniter\Model->insert([])
 5 SYSTEMPATH\CodeIgniter.php(942): App\Controllers\ProductController->addProduct()
 6 SYSTEMPATH\CodeIgniter.php(502): CodeIgniter\CodeIgniter->runController(Object(App\Controllers\ProductController))
 7 SYSTEMPATH\CodeIgniter.php(361): CodeIgniter\CodeIgniter->handleRequest(null, Object(Config\Cache), false)
 8 FCPATH\index.php(89): CodeIgniter\CodeIgniter->run()
 9 SYSTEMPATH\Commands\Server\rewrite.php(47): require_once('C:\\laragon\\www\\Capstone\\CODEIGNITER 4\\public\\index.php')
CRITICAL - 2023-12-14 23:21:41 --> Call to a member function delete() on array
in APPPATH\Controllers\ProductController.php on line 212.
 1 SYSTEMPATH\CodeIgniter.php(942): App\Controllers\ProductController->removeProduct('0')
 2 SYSTEMPATH\CodeIgniter.php(502): CodeIgniter\CodeIgniter->runController(Object(App\Controllers\ProductController))
 3 SYSTEMPATH\CodeIgniter.php(361): CodeIgniter\CodeIgniter->handleRequest(null, Object(Config\Cache), false)
 4 FCPATH\index.php(89): CodeIgniter\CodeIgniter->run()
 5 SYSTEMPATH\Commands\Server\rewrite.php(47): require_once('C:\\laragon\\www\\Capstone\\CODEIGNITER 4\\public\\index.php')
CRITICAL - 2023-12-14 23:21:52 --> Call to a member function delete() on array
in APPPATH\Controllers\ProductController.php on line 212.
 1 SYSTEMPATH\CodeIgniter.php(942): App\Controllers\ProductController->removeProduct('0')
 2 SYSTEMPATH\CodeIgniter.php(502): CodeIgniter\CodeIgniter->runController(Object(App\Controllers\ProductController))
 3 SYSTEMPATH\CodeIgniter.php(361): CodeIgniter\CodeIgniter->handleRequest(null, Object(Config\Cache), false)
 4 FCPATH\index.php(89): CodeIgniter\CodeIgniter->run()
 5 SYSTEMPATH\Commands\Server\rewrite.php(47): require_once('C:\\laragon\\www\\Capstone\\CODEIGNITER 4\\public\\index.php')
CRITICAL - 2023-12-14 23:23:00 --> Call to a member function delete() on array
in APPPATH\Controllers\ProductController.php on line 215.
 1 SYSTEMPATH\CodeIgniter.php(942): App\Controllers\ProductController->removeProduct('0')
 2 SYSTEMPATH\CodeIgniter.php(502): CodeIgniter\CodeIgniter->runController(Object(App\Controllers\ProductController))
 3 SYSTEMPATH\CodeIgniter.php(361): CodeIgniter\CodeIgniter->handleRequest(null, Object(Config\Cache), false)
 4 FCPATH\index.php(89): CodeIgniter\CodeIgniter->run()
 5 SYSTEMPATH\Commands\Server\rewrite.php(47): require_once('C:\\laragon\\www\\Capstone\\CODEIGNITER 4\\public\\index.php')
CRITICAL - 2023-12-14 23:23:27 --> Call to a member function delete() on array
in APPPATH\Controllers\ProductController.php on line 215.
 1 SYSTEMPATH\CodeIgniter.php(942): App\Controllers\ProductController->removeProduct('0')
 2 SYSTEMPATH\CodeIgniter.php(502): CodeIgniter\CodeIgniter->runController(Object(App\Controllers\ProductController))
 3 SYSTEMPATH\CodeIgniter.php(361): CodeIgniter\CodeIgniter->handleRequest(null, Object(Config\Cache), false)
 4 FCPATH\index.php(89): CodeIgniter\CodeIgniter->run()
 5 SYSTEMPATH\Commands\Server\rewrite.php(47): require_once('C:\\laragon\\www\\Capstone\\CODEIGNITER 4\\public\\index.php')
CRITICAL - 2023-12-14 23:27:38 --> Call to a member function delete() on array
in APPPATH\Controllers\ProductController.php on line 215.
 1 SYSTEMPATH\CodeIgniter.php(942): App\Controllers\ProductController->removeProduct('0')
 2 SYSTEMPATH\CodeIgniter.php(502): CodeIgniter\CodeIgniter->runController(Object(App\Controllers\ProductController))
 3 SYSTEMPATH\CodeIgniter.php(361): CodeIgniter\CodeIgniter->handleRequest(null, Object(Config\Cache), false)
 4 FCPATH\index.php(89): CodeIgniter\CodeIgniter->run()
 5 SYSTEMPATH\Commands\Server\rewrite.php(47): require_once('C:\\laragon\\www\\Capstone\\CODEIGNITER 4\\public\\index.php')
CRITICAL - 2023-12-14 23:27:42 --> Call to a member function delete() on array
in APPPATH\Controllers\ProductController.php on line 215.
 1 SYSTEMPATH\CodeIgniter.php(942): App\Controllers\ProductController->removeProduct('0')
 2 SYSTEMPATH\CodeIgniter.php(502): CodeIgniter\CodeIgniter->runController(Object(App\Controllers\ProductController))
 3 SYSTEMPATH\CodeIgniter.php(361): CodeIgniter\CodeIgniter->handleRequest(null, Object(Config\Cache), false)
 4 FCPATH\index.php(89): CodeIgniter\CodeIgniter->run()
 5 SYSTEMPATH\Commands\Server\rewrite.php(47): require_once('C:\\laragon\\www\\Capstone\\CODEIGNITER 4\\public\\index.php')
CRITICAL - 2023-12-14 23:27:47 --> Call to a member function delete() on array
in APPPATH\Controllers\ProductController.php on line 215.
 1 SYSTEMPATH\CodeIgniter.php(942): App\Controllers\ProductController->removeProduct('0')
 2 SYSTEMPATH\CodeIgniter.php(502): CodeIgniter\CodeIgniter->runController(Object(App\Controllers\ProductController))
 3 SYSTEMPATH\CodeIgniter.php(361): CodeIgniter\CodeIgniter->handleRequest(null, Object(Config\Cache), false)
 4 FCPATH\index.php(89): CodeIgniter\CodeIgniter->run()
 5 SYSTEMPATH\Commands\Server\rewrite.php(47): require_once('C:\\laragon\\www\\Capstone\\CODEIGNITER 4\\public\\index.php')
CRITICAL - 2023-12-14 23:27:59 --> Call to a member function delete() on array
in APPPATH\Controllers\ProductController.php on line 215.
 1 SYSTEMPATH\CodeIgniter.php(942): App\Controllers\ProductController->removeProduct('0')
 2 SYSTEMPATH\CodeIgniter.php(502): CodeIgniter\CodeIgniter->runController(Object(App\Controllers\ProductController))
 3 SYSTEMPATH\CodeIgniter.php(361): CodeIgniter\CodeIgniter->handleRequest(null, Object(Config\Cache), false)
 4 FCPATH\index.php(89): CodeIgniter\CodeIgniter->run()
 5 SYSTEMPATH\Commands\Server\rewrite.php(47): require_once('C:\\laragon\\www\\Capstone\\CODEIGNITER 4\\public\\index.php')
CRITICAL - 2023-12-14 23:28:03 --> Call to a member function delete() on array
in APPPATH\Controllers\ProductController.php on line 215.
 1 SYSTEMPATH\CodeIgniter.php(942): App\Controllers\ProductController->removeProduct('0')
 2 SYSTEMPATH\CodeIgniter.php(502): CodeIgniter\CodeIgniter->runController(Object(App\Controllers\ProductController))
 3 SYSTEMPATH\CodeIgniter.php(361): CodeIgniter\CodeIgniter->handleRequest(null, Object(Config\Cache), false)
 4 FCPATH\index.php(89): CodeIgniter\CodeIgniter->run()
 5 SYSTEMPATH\Commands\Server\rewrite.php(47): require_once('C:\\laragon\\www\\Capstone\\CODEIGNITER 4\\public\\index.php')
CRITICAL - 2023-12-14 23:28:23 --> Call to a member function delete() on array
in APPPATH\Controllers\ProductController.php on line 215.
 1 SYSTEMPATH\CodeIgniter.php(942): App\Controllers\ProductController->removeProduct('0')
 2 SYSTEMPATH\CodeIgniter.php(502): CodeIgniter\CodeIgniter->runController(Object(App\Controllers\ProductController))
 3 SYSTEMPATH\CodeIgniter.php(361): CodeIgniter\CodeIgniter->handleRequest(null, Object(Config\Cache), false)
 4 FCPATH\index.php(89): CodeIgniter\CodeIgniter->run()
 5 SYSTEMPATH\Commands\Server\rewrite.php(47): require_once('C:\\laragon\\www\\Capstone\\CODEIGNITER 4\\public\\index.php')
CRITICAL - 2023-12-14 23:29:12 --> Call to a member function delete() on array
in APPPATH\Controllers\ProductController.php on line 215.
 1 SYSTEMPATH\CodeIgniter.php(942): App\Controllers\ProductController->removeProduct('0')
 2 SYSTEMPATH\CodeIgniter.php(502): CodeIgniter\CodeIgniter->runController(Object(App\Controllers\ProductController))
 3 SYSTEMPATH\CodeIgniter.php(361): CodeIgniter\CodeIgniter->handleRequest(null, Object(Config\Cache), false)
 4 FCPATH\index.php(89): CodeIgniter\CodeIgniter->run()
 5 SYSTEMPATH\Commands\Server\rewrite.php(47): require_once('C:\\laragon\\www\\Capstone\\CODEIGNITER 4\\public\\index.php')
CRITICAL - 2023-12-14 23:29:17 --> Call to a member function delete() on array
in APPPATH\Controllers\ProductController.php on line 215.
 1 SYSTEMPATH\CodeIgniter.php(942): App\Controllers\ProductController->removeProduct('0')
 2 SYSTEMPATH\CodeIgniter.php(502): CodeIgniter\CodeIgniter->runController(Object(App\Controllers\ProductController))
 3 SYSTEMPATH\CodeIgniter.php(361): CodeIgniter\CodeIgniter->handleRequest(null, Object(Config\Cache), false)
 4 FCPATH\index.php(89): CodeIgniter\CodeIgniter->run()
 5 SYSTEMPATH\Commands\Server\rewrite.php(47): require_once('C:\\laragon\\www\\Capstone\\CODEIGNITER 4\\public\\index.php')
CRITICAL - 2023-12-14 23:29:21 --> Call to a member function delete() on array
in APPPATH\Controllers\ProductController.php on line 215.
 1 SYSTEMPATH\CodeIgniter.php(942): App\Controllers\ProductController->removeProduct('0')
 2 SYSTEMPATH\CodeIgniter.php(502): CodeIgniter\CodeIgniter->runController(Object(App\Controllers\ProductController))
 3 SYSTEMPATH\CodeIgniter.php(361): CodeIgniter\CodeIgniter->handleRequest(null, Object(Config\Cache), false)
 4 FCPATH\index.php(89): CodeIgniter\CodeIgniter->run()
 5 SYSTEMPATH\Commands\Server\rewrite.php(47): require_once('C:\\laragon\\www\\Capstone\\CODEIGNITER 4\\public\\index.php')
CRITICAL - 2023-12-14 23:30:22 --> Call to a member function delete() on array
in APPPATH\Controllers\ProductController.php on line 215.
 1 SYSTEMPATH\CodeIgniter.php(942): App\Controllers\ProductController->removeProduct('1')
 2 SYSTEMPATH\CodeIgniter.php(502): CodeIgniter\CodeIgniter->runController(Object(App\Controllers\ProductController))
 3 SYSTEMPATH\CodeIgniter.php(361): CodeIgniter\CodeIgniter->handleRequest(null, Object(Config\Cache), false)
 4 FCPATH\index.php(89): CodeIgniter\CodeIgniter->run()
 5 SYSTEMPATH\Commands\Server\rewrite.php(47): require_once('C:\\laragon\\www\\Capstone\\CODEIGNITER 4\\public\\index.php')
CRITICAL - 2023-12-14 23:36:05 --> Undefined property: App\Controllers\OrderController::$OrderModel
in APPPATH\Controllers\OrderController.php on line 30.
 1 APPPATH\Controllers\OrderController.php(30): CodeIgniter\Debug\Exceptions->errorHandler(2, 'Undefined property: App\\Controllers\\OrderController::$OrderModel', 'C:\\laragon\\www\\Capstone\\CODEIGNITER 4\\app\\Controllers\\OrderController.php', 30)
 2 SYSTEMPATH\CodeIgniter.php(942): App\Controllers\OrderController->orders()
 3 SYSTEMPATH\CodeIgniter.php(502): CodeIgniter\CodeIgniter->runController(Object(App\Controllers\OrderController))
 4 SYSTEMPATH\CodeIgniter.php(361): CodeIgniter\CodeIgniter->handleRequest(null, Object(Config\Cache), false)
 5 FCPATH\index.php(89): CodeIgniter\CodeIgniter->run()
 6 SYSTEMPATH\Commands\Server\rewrite.php(47): require_once('C:\\laragon\\www\\Capstone\\CODEIGNITER 4\\public\\index.php')
CRITICAL - 2023-12-14 23:36:17 --> Undefined property: App\Controllers\OrderController::$OrderModel
in APPPATH\Controllers\OrderController.php on line 30.
 1 APPPATH\Controllers\OrderController.php(30): CodeIgniter\Debug\Exceptions->errorHandler(2, 'Undefined property: App\\Controllers\\OrderController::$OrderModel', 'C:\\laragon\\www\\Capstone\\CODEIGNITER 4\\app\\Controllers\\OrderController.php', 30)
 2 SYSTEMPATH\CodeIgniter.php(942): App\Controllers\OrderController->orders()
 3 SYSTEMPATH\CodeIgniter.php(502): CodeIgniter\CodeIgniter->runController(Object(App\Controllers\OrderController))
 4 SYSTEMPATH\CodeIgniter.php(361): CodeIgniter\CodeIgniter->handleRequest(null, Object(Config\Cache), false)
 5 FCPATH\index.php(89): CodeIgniter\CodeIgniter->run()
 6 SYSTEMPATH\Commands\Server\rewrite.php(47): require_once('C:\\laragon\\www\\Capstone\\CODEIGNITER 4\\public\\index.php')
CRITICAL - 2023-12-14 23:36:20 --> Undefined property: App\Controllers\OrderController::$OrderModel
in APPPATH\Controllers\OrderController.php on line 30.
 1 APPPATH\Controllers\OrderController.php(30): CodeIgniter\Debug\Exceptions->errorHandler(2, 'Undefined property: App\\Controllers\\OrderController::$OrderModel', 'C:\\laragon\\www\\Capstone\\CODEIGNITER 4\\app\\Controllers\\OrderController.php', 30)
 2 SYSTEMPATH\CodeIgniter.php(942): App\Controllers\OrderController->orders()
 3 SYSTEMPATH\CodeIgniter.php(502): CodeIgniter\CodeIgniter->runController(Object(App\Controllers\OrderController))
 4 SYSTEMPATH\CodeIgniter.php(361): CodeIgniter\CodeIgniter->handleRequest(null, Object(Config\Cache), false)
 5 FCPATH\index.php(89): CodeIgniter\CodeIgniter->run()
 6 SYSTEMPATH\Commands\Server\rewrite.php(47): require_once('C:\\laragon\\www\\Capstone\\CODEIGNITER 4\\public\\index.php')
